2024-12-19T15:53:30.274Z [INFO]: Server is running on http://localhost:8080
2024-12-19T15:53:30.299Z [INFO]: Connected To MongoDB Locally.
2024-12-19T15:55:54.943Z [INFO]: Server is running on http://localhost:8080
2024-12-19T15:55:54.988Z [INFO]: Connected To MongoDB Locally.
2024-12-19T15:56:21.215Z [INFO]: Server is running on http://localhost:8080
2024-12-19T15:56:21.243Z [INFO]: Connected To MongoDB Locally.
2024-12-19T15:56:30.721Z [WARN]: Missing required environment variable: ORIGIN. Using default value: http://localhost:5173
2024-12-19T15:56:30.833Z [INFO]: Server is running on http://localhost:8080
2024-12-19T15:56:30.881Z [INFO]: Connected To MongoDB Locally.
2024-12-19T16:12:57.512Z [INFO]: Graceful shutdown handlers configured.
2024-12-19T16:12:57.519Z [INFO]: Server is running on http://localhost:8080
2024-12-19T16:12:57.561Z [INFO]: Connected To MongoDB Locally.
2024-12-19T16:13:08.083Z [INFO]: Graceful shutdown handlers configured.
2024-12-19T16:13:08.088Z [INFO]: Server is running on http://localhost:8080
2024-12-19T16:13:08.136Z [INFO]: Connected To MongoDB Locally.
2024-12-19T16:13:09.245Z [INFO]: Received signal: SIGINT. Initiating graceful shutdown...
2024-12-19T16:13:24.318Z [INFO]: Graceful shutdown handlers configured.
2024-12-19T16:13:24.324Z [INFO]: Server is running on http://localhost:8080
2024-12-19T16:13:24.366Z [INFO]: Connected To MongoDB Locally.
2024-12-19T16:13:26.236Z [INFO]: Received signal: SIGINT. Initiating graceful shutdown...
2024-12-19T16:15:28.212Z [INFO]: Graceful shutdown handlers configured.
2024-12-19T16:15:28.218Z [INFO]: Server is running on http://localhost:8080
2024-12-19T16:15:28.259Z [INFO]: Connected To MongoDB Locally.
2024-12-19T16:15:31.372Z [INFO]: Received SIGINT (Ctrl+C). Initiating graceful shutdown...
2024-12-19T16:17:02.027Z [INFO]: Graceful shutdown handlers configured.
2024-12-19T16:17:02.032Z [INFO]: Server is running on http://localhost:8080
2024-12-19T16:17:02.065Z [INFO]: Connected To MongoDB Locally.
2024-12-19T16:17:43.869Z [INFO]: Server is running on http://localhost:8080
2024-12-19T16:17:43.920Z [INFO]: Connected To MongoDB Locally.
2024-12-19T16:17:46.677Z [INFO]: Received SIGINT (Ctrl+C). Initiating graceful shutdown...
2024-12-19T16:17:56.709Z [INFO]: Server is running on http://localhost:8080
2024-12-19T16:17:56.754Z [INFO]: Connected To MongoDB Locally.
2024-12-19T16:19:02.221Z [INFO]: Server is running on http://localhost:8080
2024-12-19T16:19:02.290Z [INFO]: Connected To MongoDB Locally.
2024-12-19T16:19:13.466Z [INFO]: Server is running on http://localhost:8080
2024-12-19T16:19:13.522Z [INFO]: Connected To MongoDB Locally.
2024-12-19T16:19:29.771Z [INFO]: Server is running on http://localhost:8080
2024-12-19T16:19:29.827Z [INFO]: Connected To MongoDB Locally.
2024-12-19T16:19:37.962Z [INFO]: Server is running on http://localhost:8080
2024-12-19T16:19:38.009Z [INFO]: Connected To MongoDB Locally.
2024-12-19T16:26:01.880Z [INFO]: Server is running on http://localhost:8080
2024-12-19T16:26:01.923Z [INFO]: Connected To MongoDB Locally.
2024-12-19T16:26:22.527Z [INFO]: Server is running on http://localhost:8080
2024-12-19T16:26:22.576Z [INFO]: Connected To MongoDB Locally.
2024-12-19T16:26:31.342Z [INFO]: Server is running on http://localhost:8080
2024-12-19T16:26:31.393Z [INFO]: Connected To MongoDB Locally.
2024-12-19T16:26:37.594Z [INFO]: Server is running on http://localhost:8080
2024-12-19T16:26:37.645Z [INFO]: Connected To MongoDB Locally.
2024-12-19T16:26:44.891Z [INFO]: Server is running on http://localhost:8080
2024-12-19T16:26:44.930Z [INFO]: Connected To MongoDB Locally.
2024-12-19T16:26:51.919Z [INFO]: Server is running on http://localhost:8080
2024-12-19T16:26:51.958Z [INFO]: Connected To MongoDB Locally.
2024-12-19T16:26:58.664Z [INFO]: Server is running on http://localhost:8080
2024-12-19T16:26:58.711Z [INFO]: Connected To MongoDB Locally.
2024-12-19T16:27:06.770Z [INFO]: Server is running on http://localhost:8080
2024-12-19T16:27:06.832Z [INFO]: Connected To MongoDB Locally.
2024-12-19T16:27:17.852Z [INFO]: Server is running on http://localhost:8080
2024-12-19T16:27:17.946Z [INFO]: Connected To MongoDB Locally.
2024-12-19T16:43:22.449Z [INFO]: Server is running on http://localhost:8080
2024-12-19T16:43:22.495Z [INFO]: Connected To MongoDB Locally.
2024-12-19T16:43:42.448Z [INFO]: Server is running on http://localhost:8080
2024-12-19T16:43:42.517Z [INFO]: Connected To MongoDB Locally.
2024-12-19T16:46:44.890Z [INFO]: Server is running on http://localhost:8080
2024-12-19T16:46:44.937Z [INFO]: Connected To MongoDB Locally.
2024-12-19T16:47:11.622Z [INFO]: Server is running on http://localhost:8080
2024-12-19T16:47:11.704Z [INFO]: Connected To MongoDB Locally.
2024-12-19T16:47:16.882Z [INFO]: Server is running on http://localhost:8080
2024-12-19T16:47:16.954Z [INFO]: Connected To MongoDB Locally.
2024-12-19T16:47:29.795Z [INFO]: Server is running on http://localhost:8080
2024-12-19T16:47:29.842Z [INFO]: Connected To MongoDB Locally.
2024-12-19T16:47:41.001Z [INFO]: Server is running on http://localhost:8080
2024-12-19T16:47:41.056Z [INFO]: Connected To MongoDB Locally.
2024-12-19T16:47:50.481Z [INFO]: Server is running on http://localhost:8080
2024-12-19T16:47:50.529Z [INFO]: Connected To MongoDB Locally.
2024-12-19T16:48:23.323Z [INFO]: Server is running on http://localhost:8080
2024-12-19T16:48:23.361Z [INFO]: Connected To MongoDB Locally.
2024-12-19T16:48:41.574Z [INFO]: Server is running on http://localhost:8080
2024-12-19T16:48:41.633Z [INFO]: Connected To MongoDB Locally.
2024-12-19T16:48:51.392Z [INFO]: Server is running on http://localhost:8080
2024-12-19T16:48:51.471Z [INFO]: Connected To MongoDB Locally.
2024-12-19T16:49:28.520Z [INFO]: Server is running on http://localhost:8080
2024-12-19T16:49:28.557Z [INFO]: Connected To MongoDB Locally.
2024-12-19T16:49:45.354Z [INFO]: Server is running on http://localhost:8080
2024-12-19T16:49:45.401Z [INFO]: Connected To MongoDB Locally.
2024-12-19T16:49:54.096Z [INFO]: Server is running on http://localhost:8080
2024-12-19T16:49:54.164Z [INFO]: Connected To MongoDB Locally.
2024-12-19T16:49:57.860Z [INFO]: Server is running on http://localhost:8080
2024-12-19T16:49:57.898Z [INFO]: Connected To MongoDB Locally.
2024-12-19T16:50:36.429Z [INFO]: Server is running on http://localhost:8080
2024-12-19T16:50:51.218Z [INFO]: Server is running on http://localhost:8080
2024-12-19T16:50:51.265Z [INFO]: Connected To MongoDB Locally.
2024-12-19T16:50:57.750Z [INFO]: Server is running on http://localhost:8080
2024-12-19T16:50:57.806Z [INFO]: Connected To MongoDB Locally.
2024-12-19T16:51:27.222Z [INFO]: Server is running on http://localhost:8080
2024-12-19T16:51:27.272Z [INFO]: Connected To MongoDB Locally.
2024-12-19T16:51:37.270Z [INFO]: Server is running on http://localhost:8080
2024-12-19T16:51:37.318Z [INFO]: Connected To MongoDB Locally.
2024-12-19T16:52:03.792Z [INFO]: Server is running on http://localhost:8080
2024-12-19T16:52:03.884Z [INFO]: Connected To MongoDB Locally.
2024-12-19T16:52:10.264Z [INFO]: Server is running on http://localhost:8080
2024-12-19T16:52:10.310Z [INFO]: Connected To MongoDB Locally.
2024-12-19T16:52:15.770Z [INFO]: Server is running on http://localhost:8080
2024-12-19T16:52:15.815Z [INFO]: Connected To MongoDB Locally.
2024-12-19T16:52:45.774Z [INFO]: Server is running on http://localhost:8080
2024-12-19T16:52:45.825Z [INFO]: Connected To MongoDB Locally.
2024-12-19T16:52:51.757Z [INFO]: Server is running on http://localhost:8080
2024-12-19T16:52:51.802Z [INFO]: Connected To MongoDB Locally.
2024-12-19T16:53:06.681Z [INFO]: Server is running on http://localhost:8080
2024-12-19T16:53:06.921Z [INFO]: Connected To MongoDB Locally.
2024-12-19T16:54:59.041Z [INFO]: Server is running on http://localhost:8080
2024-12-19T16:54:59.097Z [INFO]: Connected To MongoDB Locally.
2024-12-19T16:56:33.282Z [INFO]: Server is running on http://localhost:8080
2024-12-19T16:56:33.328Z [INFO]: Connected To MongoDB Locally.
2024-12-19T16:56:43.668Z [INFO]: Server is running on http://localhost:8080
2024-12-19T16:56:43.710Z [INFO]: Connected To MongoDB Locally.
2024-12-19T16:56:52.941Z [INFO]: Server is running on http://localhost:8080
2024-12-19T16:56:53.070Z [INFO]: Connected To MongoDB Locally.
2024-12-19T16:57:00.671Z [INFO]: Server is running on http://localhost:8080
2024-12-19T16:57:00.764Z [INFO]: Connected To MongoDB Locally.
2024-12-19T16:57:19.569Z [INFO]: Server is running on http://localhost:8080
2024-12-19T16:57:19.618Z [INFO]: Connected To MongoDB Locally.
2024-12-19T16:58:10.167Z [INFO]: Server is running on http://localhost:8080
2024-12-19T16:58:10.232Z [INFO]: Connected To MongoDB Locally.
2024-12-19T16:58:40.600Z [INFO]: Server is running on http://localhost:8080
2024-12-19T16:58:40.640Z [INFO]: Connected To MongoDB Locally.
2024-12-19T16:59:02.574Z [INFO]: Server is running on http://localhost:8080
2024-12-19T16:59:02.611Z [INFO]: Connected To MongoDB Locally.
2024-12-19T17:00:08.540Z [INFO]: Server is running on http://localhost:8080
2024-12-19T17:00:08.614Z [INFO]: Connected To MongoDB Locally.
2024-12-19T17:00:12.037Z [DEBUG]: Connected to MongoDB
2024-12-19T17:00:12.041Z [DEBUG]: Database connection established for seeding
2024-12-19T17:00:12.446Z [DEBUG]: User Aiqw99 added.
2024-12-19T17:00:12.447Z [DEBUG]: User Aiqw98 added.
2024-12-19T17:00:12.448Z [DEBUG]: User Aiqw97 added.
2024-12-19T17:00:12.448Z [DEBUG]: Data successfully imported
2024-12-19T17:00:12.454Z [DEBUG]: Database disconnected
2024-12-19T17:10:00.794Z [INFO]: Server is running on http://localhost:8080
2024-12-19T17:10:00.874Z [INFO]: Connected To MongoDB Locally.
2024-12-19T17:10:09.481Z [INFO]: Server is running on http://localhost:8080
2024-12-19T17:10:09.524Z [INFO]: Connected To MongoDB Locally.
2024-12-19T17:10:22.245Z [INFO]: Server is running on http://localhost:8080
2024-12-19T17:10:22.293Z [INFO]: Connected To MongoDB Locally.
2024-12-19T17:10:37.391Z [INFO]: Server is running on http://localhost:8080
2024-12-19T17:10:37.436Z [INFO]: Connected To MongoDB Locally.
2024-12-19T17:10:59.277Z [INFO]: Server is running on http://localhost:8080
2024-12-19T17:10:59.358Z [INFO]: Connected To MongoDB Locally.
2024-12-19T17:11:25.770Z [INFO]: Server is running on http://localhost:8080
2024-12-19T17:11:25.819Z [INFO]: Connected To MongoDB Locally.
2024-12-19T17:11:37.786Z [INFO]: Server is running on http://localhost:8080
2024-12-19T17:11:37.902Z [INFO]: Connected To MongoDB Locally.
2024-12-19T17:11:52.784Z [INFO]: Server is running on http://localhost:8080
2024-12-19T17:11:52.852Z [INFO]: Connected To MongoDB Locally.
2024-12-19T17:12:00.902Z [INFO]: Server is running on http://localhost:8080
2024-12-19T17:12:01.045Z [INFO]: Connected To MongoDB Locally.
2024-12-19T17:12:15.491Z [INFO]: Server is running on http://localhost:8080
2024-12-19T17:12:15.540Z [INFO]: Connected To MongoDB Locally.
2024-12-19T17:12:24.132Z [INFO]: Server is running on http://localhost:8080
2024-12-19T17:12:24.177Z [INFO]: Connected To MongoDB Locally.
2024-12-19T17:12:52.553Z [INFO]: Server is running on http://localhost:8080
2024-12-19T17:12:52.610Z [INFO]: Connected To MongoDB Locally.
2024-12-19T17:13:24.889Z [INFO]: Server is running on http://localhost:8080
2024-12-19T17:13:24.966Z [INFO]: Connected To MongoDB Locally.
2024-12-19T17:13:33.728Z [INFO]: Server is running on http://localhost:8080
2024-12-19T17:13:33.772Z [INFO]: Connected To MongoDB Locally.
2024-12-19T17:13:59.268Z [INFO]: Server is running on http://localhost:8080
2024-12-19T17:13:59.317Z [INFO]: Connected To MongoDB Locally.
2024-12-19T17:14:39.346Z [INFO]: Server is running on http://localhost:8080
2024-12-19T17:14:39.395Z [INFO]: Connected To MongoDB Locally.
2024-12-19T17:14:44.293Z [INFO]: Authentication process complete
2024-12-19T17:19:31.047Z [INFO]: Authentication process complete
2024-12-19T19:17:58.191Z [INFO]: Authentication process complete
2024-12-19T19:18:04.515Z [INFO]: Authentication process complete
2024-12-19T19:20:33.203Z [INFO]: Server is running on http://localhost:8080
2024-12-19T19:20:33.246Z [INFO]: Connected To MongoDB Locally.
2024-12-19T19:20:37.174Z [INFO]: Authentication process complete
2024-12-19T19:21:28.580Z [INFO]: Server is running on http://localhost:8080
2024-12-19T19:21:28.694Z [INFO]: Connected To MongoDB Locally.
2024-12-19T19:21:38.638Z [INFO]: Server is running on http://localhost:8080
2024-12-19T19:21:38.676Z [INFO]: Connected To MongoDB Locally.
2024-12-19T19:22:03.359Z [INFO]: Server is running on http://localhost:8080
2024-12-19T19:22:03.407Z [INFO]: Connected To MongoDB Locally.
2024-12-19T19:22:09.226Z [ERROR]: Error: Route not found
Meta: {
  "url": "/api/auth/login",
  "method": "POST",
  "statusCode": 404
}
Stack trace:
Not Found: Route not found
    at notFoundMiddleware (\middlewares\notFoundMiddleware.ts:10:7)
2024-12-19T19:22:31.232Z [INFO]: Server is running on http://localhost:8080
2024-12-19T19:22:31.273Z [INFO]: Connected To MongoDB Locally.
2024-12-19T19:22:32.549Z [ERROR]: Error: Route not found
Meta: {
  "url": "/api/auth/login",
  "method": "POST",
  "statusCode": 404
}
Stack trace:
Not Found: Route not found
    at notFoundMiddleware (\middlewares\notFoundMiddleware.ts:10:7)
2024-12-19T19:22:33.960Z [ERROR]: Error: Route not found
Meta: {
  "url": "/api/auth/login",
  "method": "POST",
  "statusCode": 404
}
Stack trace:
Not Found: Route not found
    at notFoundMiddleware (\middlewares\notFoundMiddleware.ts:10:7)
2024-12-19T19:22:51.116Z [ERROR]: Error: Route not found
Meta: {
  "url": "/api/auth/login",
  "method": "POST",
  "statusCode": 404
}
Stack trace:
Not Found: Route not found
    at notFoundMiddleware (\middlewares\notFoundMiddleware.ts:10:7)
2024-12-19T19:22:52.411Z [ERROR]: Error: Route not found
Meta: {
  "url": "/api/auth/login",
  "method": "POST",
  "statusCode": 404
}
Stack trace:
Not Found: Route not found
    at notFoundMiddleware (\middlewares\notFoundMiddleware.ts:10:7)
2024-12-19T19:23:22.740Z [INFO]: Server is running on http://localhost:8080
2024-12-19T19:23:22.777Z [INFO]: Connected To MongoDB Locally.
2024-12-19T19:23:24.034Z [INFO]: Authentication process complete
2024-12-19T19:23:29.387Z [ERROR]: Error: Invalid username or password.
Meta: {
  "url": "/api/auth/login",
  "method": "POST",
  "statusCode": 401
}
Stack trace:
Unauthorized: Invalid username or password.
    at AuthService.login (\services\authService.ts:105:11)
    at processTicksAndRejections (node:internal/process/task_queues:95:5)
    at async AuthController.login (\controllers\authController.ts:31:40)
2024-12-19T19:23:29.389Z [INFO]: Authentication process complete
2024-12-19T19:23:30.704Z [ERROR]: Error: Invalid username or password.
Meta: {
  "url": "/api/auth/login",
  "method": "POST",
  "statusCode": 401
}
Stack trace:
Unauthorized: Invalid username or password.
    at AuthService.login (\services\authService.ts:105:11)
    at processTicksAndRejections (node:internal/process/task_queues:95:5)
    at async AuthController.login (\controllers\authController.ts:31:40)
2024-12-19T19:23:30.706Z [INFO]: Authentication process complete
2024-12-19T19:23:31.790Z [ERROR]: Error: Account is locked. try again later.
Meta: {
  "url": "/api/auth/login",
  "method": "POST",
  "statusCode": 429
}
Stack trace:
Too Many Requests Error: Account is locked. try again later.
    at \utils\limiter.ts:71:12
    at processTicksAndRejections (node:internal/process/task_queues:95:5)
2024-12-19T19:23:32.627Z [ERROR]: Error: Account is locked. try again later.
Meta: {
  "url": "/api/auth/login",
  "method": "POST",
  "statusCode": 429
}
Stack trace:
Too Many Requests Error: Account is locked. try again later.
    at \utils\limiter.ts:71:12
    at processTicksAndRejections (node:internal/process/task_queues:95:5)
2024-12-19T19:25:23.822Z [INFO]: Server is running on http://localhost:8080
2024-12-19T19:25:23.869Z [INFO]: Connected To MongoDB Locally.
2024-12-19T19:25:58.524Z [INFO]: Server is running on http://localhost:8080
2024-12-19T19:25:58.586Z [INFO]: Connected To MongoDB Locally.
2024-12-19T19:27:41.626Z [INFO]: Middlewares configured successfully.
2024-12-19T19:27:41.630Z [INFO]: Routes configured successfully.
2024-12-19T19:27:41.636Z [INFO]: Server is running on http://localhost:8080
2024-12-19T19:27:41.677Z [INFO]: Connected To MongoDB Locally.
2024-12-19T19:27:49.666Z [INFO]: Middlewares configured successfully.
2024-12-19T19:27:49.671Z [INFO]: Routes configured successfully.
2024-12-19T19:27:49.677Z [INFO]: Server is running on http://localhost:8080
2024-12-19T19:27:49.713Z [INFO]: Connected To MongoDB Locally.
2024-12-19T19:27:51.194Z [ERROR]: Error: Account is locked. try again later.
Meta: {
  "url": "/api/auth/login",
  "method": "POST",
  "statusCode": 429
}
Stack trace:
Too Many Requests Error: Account is locked. try again later.
    at \utils\limiter.ts:71:12
    at processTicksAndRejections (node:internal/process/task_queues:95:5)
2024-12-19T19:27:57.986Z [ERROR]: Error: Account is locked. try again later.
Meta: {
  "url": "/api/auth/login",
  "method": "POST",
  "statusCode": 429
}
Stack trace:
Too Many Requests Error: Account is locked. try again later.
    at \utils\limiter.ts:47:11
    at processTicksAndRejections (node:internal/process/task_queues:95:5)
2024-12-19T19:28:04.776Z [ERROR]: Error: Account is locked. try again later.
Meta: {
  "url": "/api/auth/login",
  "method": "POST",
  "statusCode": 429
}
Stack trace:
Too Many Requests Error: Account is locked. try again later.
    at \utils\limiter.ts:47:11
    at processTicksAndRejections (node:internal/process/task_queues:95:5)
2024-12-19T19:28:13.257Z [INFO]: Middlewares configured successfully.
2024-12-19T19:28:13.261Z [INFO]: Routes configured successfully.
2024-12-19T19:28:13.266Z [INFO]: Server is running on http://localhost:8080
2024-12-19T19:28:13.301Z [INFO]: Connected To MongoDB Locally.
2024-12-19T19:28:14.462Z [ERROR]: Error: Account is locked. try again later.
Meta: {
  "url": "/api/auth/login",
  "method": "POST",
  "statusCode": 429
}
Stack trace:
Too Many Requests Error: Account is locked. try again later.
    at \utils\limiter.ts:47:11
    at processTicksAndRejections (node:internal/process/task_queues:95:5)
2024-12-19T19:28:20.739Z [ERROR]: Error: Account is locked. try again later.
Meta: {
  "url": "/api/auth/login",
  "method": "POST",
  "statusCode": 429
}
Stack trace:
Too Many Requests Error: Account is locked. try again later.
    at \utils\limiter.ts:71:12
    at processTicksAndRejections (node:internal/process/task_queues:95:5)
2024-12-19T19:28:55.862Z [ERROR]: Error: Invalid username or password.
Meta: {
  "url": "/api/auth/login",
  "method": "POST",
  "statusCode": 401
}
Stack trace:
Unauthorized: Invalid username or password.
    at AuthService.login (\services\authService.ts:105:11)
    at processTicksAndRejections (node:internal/process/task_queues:95:5)
    at async AuthController.login (\controllers\authController.ts:31:40)
2024-12-19T19:28:55.865Z [INFO]: Authentication process complete
2024-12-19T19:29:03.703Z [ERROR]: Error: Route not found
Meta: {
  "url": "/api/auth/logindfg",
  "method": "POST",
  "statusCode": 404
}
Stack trace:
Not Found: Route not found
    at notFoundMiddleware (\middlewares\notFoundMiddleware.ts:10:7)
2024-12-19T19:29:08.086Z [ERROR]: Error: Invalid username or password.
Meta: {
  "url": "/api/auth/login",
  "method": "POST",
  "statusCode": 401
}
Stack trace:
Unauthorized: Invalid username or password.
    at AuthService.login (\services\authService.ts:105:11)
    at processTicksAndRejections (node:internal/process/task_queues:95:5)
    at async AuthController.login (\controllers\authController.ts:31:40)
2024-12-19T19:29:08.087Z [INFO]: Authentication process complete
2024-12-19T19:29:12.673Z [INFO]: Authentication process complete
2024-12-19T19:29:18.891Z [ERROR]: Error: Invalid username or password.
Meta: {
  "url": "/api/auth/login",
  "method": "POST",
  "statusCode": 401
}
Stack trace:
Unauthorized: Invalid username or password.
    at AuthService.login (\services\authService.ts:140:11)
    at processTicksAndRejections (node:internal/process/task_queues:95:5)
    at async AuthController.login (\controllers\authController.ts:31:40)
2024-12-19T19:29:18.893Z [INFO]: Authentication process complete
2024-12-19T19:29:20.108Z [ERROR]: Error: Invalid username or password.
Meta: {
  "url": "/api/auth/login",
  "method": "POST",
  "statusCode": 401
}
Stack trace:
Unauthorized: Invalid username or password.
    at AuthService.login (\services\authService.ts:140:11)
    at processTicksAndRejections (node:internal/process/task_queues:95:5)
    at async AuthController.login (\controllers\authController.ts:31:40)
2024-12-19T19:29:20.110Z [INFO]: Authentication process complete
2024-12-19T19:29:20.966Z [ERROR]: Error: Invalid username or password.
Meta: {
  "url": "/api/auth/login",
  "method": "POST",
  "statusCode": 401
}
Stack trace:
Unauthorized: Invalid username or password.
    at AuthService.login (\services\authService.ts:140:11)
    at processTicksAndRejections (node:internal/process/task_queues:95:5)
    at async AuthController.login (\controllers\authController.ts:31:40)
2024-12-19T19:29:20.968Z [INFO]: Authentication process complete
2024-12-19T19:29:22.026Z [ERROR]: Error: Invalid username or password.
Meta: {
  "url": "/api/auth/login",
  "method": "POST",
  "statusCode": 401
}
Stack trace:
Unauthorized: Invalid username or password.
    at AuthService.login (\services\authService.ts:140:11)
    at processTicksAndRejections (node:internal/process/task_queues:95:5)
    at async AuthController.login (\controllers\authController.ts:31:40)
2024-12-19T19:29:22.028Z [INFO]: Authentication process complete
2024-12-19T19:29:23.234Z [ERROR]: Error: Invalid username or password.
Meta: {
  "url": "/api/auth/login",
  "method": "POST",
  "statusCode": 401
}
Stack trace:
Unauthorized: Invalid username or password.
    at AuthService.login (\services\authService.ts:140:11)
    at processTicksAndRejections (node:internal/process/task_queues:95:5)
    at async AuthController.login (\controllers\authController.ts:31:40)
2024-12-19T19:29:23.237Z [INFO]: Authentication process complete
2024-12-19T19:29:24.359Z [ERROR]: Error: Account is locked. Try again later.
Meta: {
  "url": "/api/auth/login",
  "method": "POST",
  "statusCode": 429
}
Stack trace:
Too Many Requests Error: Account is locked. Try again later.
    at AuthService.login (\services\authService.ts:130:11)
    at processTicksAndRejections (node:internal/process/task_queues:95:5)
    at async AuthController.login (\controllers\authController.ts:31:40)
2024-12-19T19:29:24.360Z [INFO]: Authentication process complete
2024-12-19T19:29:26.173Z [ERROR]: Error: Account is locked. Try again later
Meta: {
  "url": "/api/auth/login",
  "method": "POST",
  "statusCode": 429
}
Stack trace:
Too Many Requests Error: Account is locked. Try again later
    at AuthService.login (\services\authService.ts:116:12)
    at processTicksAndRejections (node:internal/process/task_queues:95:5)
    at async AuthController.login (\controllers\authController.ts:31:40)
2024-12-19T19:29:26.174Z [INFO]: Authentication process complete
2024-12-19T19:29:27.595Z [ERROR]: Error: Account is locked. Try again later
Meta: {
  "url": "/api/auth/login",
  "method": "POST",
  "statusCode": 429
}
Stack trace:
Too Many Requests Error: Account is locked. Try again later
    at AuthService.login (\services\authService.ts:116:12)
    at processTicksAndRejections (node:internal/process/task_queues:95:5)
    at async AuthController.login (\controllers\authController.ts:31:40)
2024-12-19T19:29:27.596Z [INFO]: Authentication process complete
2024-12-19T19:29:29.038Z [ERROR]: Error: Account is locked. Try again later
Meta: {
  "url": "/api/auth/login",
  "method": "POST",
  "statusCode": 429
}
Stack trace:
Too Many Requests Error: Account is locked. Try again later
    at AuthService.login (\services\authService.ts:116:12)
    at processTicksAndRejections (node:internal/process/task_queues:95:5)
    at async AuthController.login (\controllers\authController.ts:31:40)
2024-12-19T19:29:29.039Z [INFO]: Authentication process complete
2024-12-19T19:29:30.624Z [ERROR]: Error: Account is locked. Try again later
Meta: {
  "url": "/api/auth/login",
  "method": "POST",
  "statusCode": 429
}
Stack trace:
Too Many Requests Error: Account is locked. Try again later
    at AuthService.login (\services\authService.ts:116:12)
    at processTicksAndRejections (node:internal/process/task_queues:95:5)
    at async AuthController.login (\controllers\authController.ts:31:40)
2024-12-19T19:29:30.625Z [INFO]: Authentication process complete
2024-12-19T19:29:35.456Z [ERROR]: Error: Account is locked. Try again later
Meta: {
  "url": "/api/auth/login",
  "method": "POST",
  "statusCode": 429
}
Stack trace:
Too Many Requests Error: Account is locked. Try again later
    at AuthService.login (\services\authService.ts:116:12)
    at processTicksAndRejections (node:internal/process/task_queues:95:5)
    at async AuthController.login (\controllers\authController.ts:31:40)
2024-12-19T19:29:35.457Z [INFO]: Authentication process complete
2024-12-19T19:30:10.231Z [INFO]: Middlewares configured successfully.
2024-12-19T19:30:10.239Z [INFO]: Server is running on http://localhost:8080
2024-12-19T19:30:10.276Z [INFO]: Connected To MongoDB Locally.
2024-12-19T19:30:28.265Z [INFO]: Middlewares configured successfully.
2024-12-19T19:30:28.274Z [INFO]: Server is running on http://localhost:8080
2024-12-19T19:30:28.312Z [INFO]: Connected To MongoDB Locally.
2024-12-19T19:30:42.472Z [INFO]: Middlewares configured successfully.
2024-12-19T19:30:42.485Z [INFO]: Server is running on http://localhost:8080
2024-12-19T19:30:42.529Z [INFO]: Connected To MongoDB Locally.
2024-12-19T19:31:06.068Z [INFO]: Authentication process complete
2024-12-19T19:31:10.709Z [DEBUG]: Refresh token process complete
2024-12-19T19:31:39.076Z [DEBUG]: Reset Password process complete
2024-12-19T19:31:45.978Z [ERROR]: Error: Invalid username or password.
Meta: {
  "url": "/api/auth/login",
  "method": "POST",
  "statusCode": 401
}
Stack trace:
Unauthorized: Invalid username or password.
    at AuthService.login (\services\authService.ts:140:11)
    at processTicksAndRejections (node:internal/process/task_queues:95:5)
    at async AuthController.login (\controllers\authController.ts:31:40)
2024-12-19T19:31:45.982Z [INFO]: Authentication process complete
2024-12-19T19:31:50.189Z [INFO]: Authentication process complete
2024-12-19T19:32:37.770Z [INFO]: Middlewares configured successfully.
2024-12-19T19:32:37.794Z [INFO]: Server is running on http://localhost:8080
2024-12-19T19:32:37.892Z [INFO]: Connected To MongoDB Locally.
2024-12-19T19:33:07.846Z [INFO]: Middlewares configured successfully.
2024-12-19T19:33:07.856Z [INFO]: Server is running on http://localhost:8080
2024-12-19T19:33:07.894Z [INFO]: Connected To MongoDB Locally.
2024-12-19T19:33:16.499Z [INFO]: Middlewares configured successfully.
2024-12-19T19:33:16.550Z [INFO]: Server is running on http://localhost:8080
2024-12-19T19:33:16.597Z [INFO]: Connected To MongoDB Locally.
2024-12-19T19:35:23.561Z [INFO]: Middlewares configured successfully.
2024-12-19T19:35:23.612Z [INFO]: Server is running on http://localhost:8080
2024-12-19T19:35:23.656Z [INFO]: Connected To MongoDB Locally.
2024-12-19T19:40:01.614Z [INFO]: Middlewares configured successfully.
2024-12-19T19:40:01.655Z [INFO]: Server is running on http://localhost:8080
2024-12-19T19:40:01.693Z [INFO]: Connected To MongoDB Locally.
2024-12-19T19:58:48.610Z [INFO]: Middlewares configured successfully.
2024-12-19T19:58:48.651Z [INFO]: Server is running on http://localhost:8080
2024-12-19T19:58:48.692Z [INFO]: Connected To MongoDB Locally.
2024-12-19T19:59:19.595Z [INFO]: Middlewares configured successfully.
2024-12-19T19:59:19.633Z [INFO]: Server is running on http://localhost:8080
2024-12-19T19:59:19.676Z [INFO]: Connected To MongoDB Locally.
2024-12-19T19:59:59.759Z [INFO]: Received SIGINT (Ctrl+C). Initiating graceful shutdown...
2024-12-19T20:00:15.482Z [INFO]: Middlewares configured successfully.
2024-12-19T20:00:15.565Z [INFO]: Server is running on http://localhost:8080
2024-12-19T20:00:15.637Z [INFO]: Connected To MongoDB Locally.
2024-12-19T20:00:24.937Z [INFO]: Middlewares configured successfully.
2024-12-19T20:00:25.019Z [INFO]: Server is running on http://localhost:8080
2024-12-19T20:00:25.089Z [INFO]: Connected To MongoDB Locally.
2024-12-19T20:01:50.235Z [INFO]: Middlewares configured successfully.
2024-12-19T20:01:50.294Z [INFO]: Server is running on http://localhost:8080
2024-12-19T20:01:50.355Z [INFO]: Connected To MongoDB Locally.
2024-12-19T21:28:57.916Z [DEBUG]: Cron task to remove expired refresh tokens ran at: 12/19/2024, 11:28:57 PM
2024-12-19T21:28:58.059Z [DEBUG]: Cron job ran successfully at: 12/19/2024, 11:28:58 PM
2024-12-19T21:30:46.517Z [INFO]: Middlewares configured successfully.
2024-12-19T21:30:46.559Z [INFO]: Server is running on http://localhost:8080
2024-12-19T21:30:46.616Z [INFO]: Connected To MongoDB Locally.
2024-12-19T21:31:11.162Z [INFO]: Middlewares configured successfully.
2024-12-19T21:31:11.215Z [INFO]: Server is running on http://localhost:8080
2024-12-19T21:31:11.270Z [INFO]: Connected To MongoDB Locally.
2024-12-19T21:31:35.003Z [INFO]: Middlewares configured successfully.
2024-12-19T21:31:35.069Z [INFO]: Server is running on http://localhost:8080
2024-12-19T21:31:35.142Z [INFO]: Connected To MongoDB Locally.
2024-12-19T21:32:02.161Z [INFO]: Middlewares configured successfully.
2024-12-19T21:32:02.217Z [INFO]: Server is running on http://localhost:8080
2024-12-19T21:32:02.281Z [INFO]: Connected To MongoDB Locally.
2024-12-19T21:32:10.898Z [INFO]: Middlewares configured successfully.
2024-12-19T21:32:10.938Z [INFO]: Server is running on http://localhost:8080
2024-12-19T21:32:10.984Z [INFO]: Connected To MongoDB Locally.
2024-12-19T21:32:57.086Z [INFO]: Middlewares configured successfully.
2024-12-19T21:32:57.131Z [INFO]: Server is running on http://localhost:8080
2024-12-19T21:32:57.183Z [INFO]: Connected To MongoDB Locally.
2024-12-19T21:33:14.921Z [INFO]: Middlewares configured successfully.
2024-12-19T21:33:14.991Z [INFO]: Server is running on http://localhost:8080
2024-12-19T21:33:15.063Z [INFO]: Connected To MongoDB Locally.
2024-12-19T21:33:41.663Z [INFO]: Middlewares configured successfully.
2024-12-19T21:33:41.711Z [INFO]: Server is running on http://localhost:8080
2024-12-19T21:33:41.763Z [INFO]: Connected To MongoDB Locally.
2024-12-19T21:34:07.560Z [INFO]: Middlewares configured successfully.
2024-12-19T21:34:07.628Z [INFO]: Server is running on http://localhost:8080
2024-12-19T21:34:07.689Z [INFO]: Connected To MongoDB Locally.
2024-12-19T21:34:59.356Z [INFO]: Middlewares configured successfully.
2024-12-19T21:34:59.408Z [INFO]: Server is running on http://localhost:8080
2024-12-19T21:34:59.453Z [INFO]: Connected To MongoDB Locally.
2024-12-19T21:35:41.578Z [INFO]: Middlewares configured successfully.
2024-12-19T21:35:41.626Z [INFO]: Server is running on http://localhost:8080
2024-12-19T21:35:41.680Z [INFO]: Connected To MongoDB Locally.
2024-12-19T21:36:17.933Z [INFO]: Middlewares configured successfully.
2024-12-19T21:36:17.975Z [INFO]: Server is running on http://localhost:8080
2024-12-19T21:36:18.028Z [INFO]: Connected To MongoDB Locally.
2024-12-19T21:36:55.814Z [INFO]: Middlewares configured successfully.
2024-12-19T21:36:55.855Z [INFO]: Server is running on http://localhost:8080
2024-12-19T21:36:55.898Z [INFO]: Connected To MongoDB Locally.
2024-12-19T21:44:59.246Z [INFO]: Middlewares configured successfully.
2024-12-19T21:44:59.286Z [INFO]: Server is running on http://localhost:8080
2024-12-19T21:44:59.337Z [INFO]: Connected To MongoDB Locally.
2024-12-19T21:45:44.581Z [INFO]: Middlewares configured successfully.
2024-12-19T21:45:44.626Z [INFO]: Server is running on http://localhost:8080
2024-12-19T21:45:44.678Z [INFO]: Connected To MongoDB Locally.
2024-12-19T21:45:54.521Z [INFO]: Middlewares configured successfully.
2024-12-19T21:45:54.571Z [INFO]: Server is running on http://localhost:8080
2024-12-19T21:45:54.631Z [INFO]: Connected To MongoDB Locally.
2024-12-19T21:49:13.472Z [INFO]: Middlewares configured successfully.
2024-12-19T21:49:13.513Z [INFO]: Server is running on http://localhost:8080
2024-12-19T21:49:13.560Z [INFO]: Connected To MongoDB Locally.
2024-12-19T21:50:42.793Z [INFO]: Middlewares configured successfully.
2024-12-19T21:50:42.856Z [INFO]: Server is running on http://localhost:8080
2024-12-19T21:50:42.936Z [INFO]: Connected To MongoDB Locally.
2024-12-19T21:57:10.578Z [INFO]: Middlewares configured successfully.
2024-12-19T21:57:10.606Z [INFO]: Server is running on http://localhost:8080
2024-12-19T21:57:10.644Z [INFO]: Connected To MongoDB Locally.
2024-12-19T22:00:00.098Z [DEBUG]: Cron task to remove expired refresh tokens ran at: 12/20/2024, 12:00:00 AM
2024-12-19T22:00:00.115Z [DEBUG]: Cron job ran successfully at: 12/20/2024, 12:00:00 AM
2024-12-19T22:06:16.392Z [INFO]: Middlewares configured successfully.
2024-12-19T22:06:16.445Z [INFO]: Server is running on http://localhost:8080
2024-12-19T22:06:16.503Z [INFO]: Connected To MongoDB Locally.
2024-12-19T22:06:40.637Z [INFO]: Middlewares configured successfully.
2024-12-19T22:06:40.682Z [INFO]: Server is running on http://localhost:8080
2024-12-19T22:06:40.726Z [INFO]: Connected To MongoDB Locally.
2024-12-19T22:08:35.068Z [INFO]: Middlewares configured successfully.
2024-12-19T22:08:35.119Z [INFO]: Server is running on http://localhost:8080
2024-12-19T22:08:35.164Z [INFO]: Connected To MongoDB Locally.
2024-12-19T22:09:16.829Z [INFO]: Middlewares configured successfully.
2024-12-19T22:09:16.926Z [INFO]: Server is running on http://localhost:8080
2024-12-19T22:09:17.035Z [INFO]: Connected To MongoDB Locally.
2024-12-19T22:14:10.185Z [INFO]: Middlewares configured successfully.
2024-12-19T22:14:10.238Z [INFO]: Server is running on http://localhost:8080
2024-12-19T22:14:10.289Z [INFO]: Connected To MongoDB Locally.
2024-12-19T22:14:29.359Z [INFO]: Middlewares configured successfully.
2024-12-19T22:14:29.420Z [INFO]: Server is running on http://localhost:8080
2024-12-19T22:14:29.497Z [INFO]: Connected To MongoDB Locally.
2024-12-19T22:14:41.912Z [INFO]: Middlewares configured successfully.
2024-12-19T22:14:41.991Z [INFO]: Server is running on http://localhost:8080
2024-12-19T22:14:42.072Z [INFO]: Connected To MongoDB Locally.
2024-12-19T22:15:20.342Z [INFO]: Middlewares configured successfully.
2024-12-19T22:15:20.414Z [INFO]: Server is running on http://localhost:8080
2024-12-19T22:15:20.485Z [INFO]: Connected To MongoDB Locally.
2024-12-19T22:16:32.827Z [INFO]: Middlewares configured successfully.
2024-12-19T22:16:32.902Z [INFO]: Server is running on http://localhost:8080
2024-12-19T22:16:32.965Z [INFO]: Connected To MongoDB Locally.
2024-12-19T22:16:50.346Z [INFO]: Middlewares configured successfully.
2024-12-19T22:16:50.391Z [INFO]: Server is running on http://localhost:8080
2024-12-19T22:16:50.437Z [INFO]: Connected To MongoDB Locally.
2024-12-19T22:17:38.318Z [INFO]: Middlewares configured successfully.
2024-12-19T22:17:38.365Z [INFO]: Server is running on http://localhost:8080
2024-12-19T22:17:38.410Z [INFO]: Connected To MongoDB Locally.
2024-12-19T22:17:50.075Z [INFO]: Middlewares configured successfully.
2024-12-19T22:17:50.123Z [INFO]: Server is running on http://localhost:8080
2024-12-19T22:17:50.165Z [INFO]: Connected To MongoDB Locally.
2024-12-19T22:18:37.143Z [INFO]: Middlewares configured successfully.
2024-12-19T22:18:37.192Z [INFO]: Server is running on http://localhost:8080
2024-12-19T22:18:37.230Z [INFO]: Connected To MongoDB Locally.
2024-12-19T22:20:29.066Z [INFO]: Middlewares configured successfully.
2024-12-19T22:20:29.143Z [INFO]: Server is running on http://localhost:8080
2024-12-19T22:20:29.205Z [INFO]: Connected To MongoDB Locally.
2024-12-19T22:21:16.237Z [INFO]: Middlewares configured successfully.
2024-12-19T22:21:16.281Z [INFO]: Server is running on http://localhost:8080
2024-12-19T22:21:16.325Z [INFO]: Connected To MongoDB Locally.
2024-12-19T22:22:09.955Z [INFO]: Middlewares configured successfully.
2024-12-19T22:22:10.076Z [INFO]: Server is running on http://localhost:8080
2024-12-19T22:22:10.185Z [INFO]: Connected To MongoDB Locally.
2024-12-19T22:23:55.172Z [INFO]: Middlewares configured successfully.
2024-12-19T22:23:55.223Z [INFO]: Server is running on http://localhost:8080
2024-12-19T22:23:55.284Z [INFO]: Connected To MongoDB Locally.
2024-12-19T22:24:11.204Z [INFO]: Middlewares configured successfully.
2024-12-19T22:24:11.270Z [INFO]: Server is running on http://localhost:8080
2024-12-19T22:24:11.346Z [INFO]: Connected To MongoDB Locally.
2024-12-19T22:24:18.459Z [INFO]: Middlewares configured successfully.
2024-12-19T22:24:18.524Z [INFO]: Server is running on http://localhost:8080
2024-12-19T22:24:18.598Z [INFO]: Connected To MongoDB Locally.
2024-12-19T22:24:55.039Z [INFO]: Middlewares configured successfully.
2024-12-19T22:24:55.114Z [INFO]: Server is running on http://localhost:8080
2024-12-19T22:24:55.189Z [INFO]: Connected To MongoDB Locally.
2024-12-19T22:25:18.462Z [INFO]: Middlewares configured successfully.
2024-12-19T22:25:18.511Z [INFO]: Server is running on http://localhost:8080
2024-12-19T22:25:18.574Z [INFO]: Connected To MongoDB Locally.
2024-12-19T22:25:38.747Z [INFO]: Middlewares configured successfully.
2024-12-19T22:25:38.821Z [INFO]: Server is running on http://localhost:8080
2024-12-19T22:25:38.887Z [INFO]: Connected To MongoDB Locally.
2024-12-19T22:25:58.246Z [INFO]: Received SIGINT (Ctrl+C). Initiating graceful shutdown...
2024-12-19T23:32:16.520Z [INFO]: Middlewares configured successfully.
2024-12-19T23:32:16.561Z [INFO]: Server is running on http://localhost:8080
2024-12-19T23:32:16.613Z [INFO]: Connected To MongoDB Locally.
2024-12-19T23:39:33.845Z [INFO]: Received SIGINT (Ctrl+C). Initiating graceful shutdown...
2024-12-20T00:50:22.693Z [INFO]: Middlewares configured successfully.
2024-12-20T00:50:22.735Z [INFO]: Server is running on http://localhost:8080
2024-12-20T00:50:22.779Z [INFO]: Connected To MongoDB Locally.
2024-12-20T01:00:00.072Z [DEBUG]: Cron task to remove expired refresh tokens ran at: 12/20/2024, 3:00:00 AM
2024-12-20T01:00:00.084Z [DEBUG]: Cron job ran successfully at: 12/20/2024, 3:00:00 AM
2024-12-20T01:02:07.399Z [INFO]: Received SIGINT (Ctrl+C). Initiating graceful shutdown...
2024-12-20T01:02:36.872Z [DEBUG]: Connected to MongoDB
2024-12-20T01:02:36.874Z [DEBUG]: Database connection established for seeding
2024-12-20T01:02:37.976Z [DEBUG]: User Aiqw99 added.
2024-12-20T01:02:37.977Z [DEBUG]: User Aiqw98 added.
2024-12-20T01:02:37.977Z [DEBUG]: User Aiqw97 added.
2024-12-20T01:02:37.977Z [DEBUG]: Data successfully imported
2024-12-20T01:02:37.994Z [DEBUG]: Database disconnected
2024-12-20T01:03:25.809Z [DEBUG]: Connected to MongoDB
2024-12-20T01:03:25.812Z [DEBUG]: Database connection established for seeding
2024-12-20T01:03:26.534Z [WARN]: User Aiqw99 already exists, skipping.
2024-12-20T01:03:26.535Z [WARN]: User Aiqw98 already exists, skipping.
2024-12-20T01:03:26.535Z [WARN]: User Aiqw97 already exists, skipping.
2024-12-20T01:03:26.536Z [INFO]: No new users to add.
2024-12-20T01:03:26.536Z [DEBUG]: Data successfully imported
2024-12-20T01:03:26.556Z [DEBUG]: Database disconnected
2024-12-20T01:04:48.354Z [DEBUG]: Connected to MongoDB
2024-12-20T01:04:48.357Z [DEBUG]: Database connection established for seeding
2024-12-20T01:04:49.565Z [DEBUG]: User Aiqw99 added.
2024-12-20T01:04:49.566Z [DEBUG]: User Aiqw98 added.
2024-12-20T01:04:49.567Z [DEBUG]: User Aiqw97 added.
2024-12-20T01:04:49.568Z [DEBUG]: Data successfully imported
2024-12-20T01:04:49.599Z [DEBUG]: Database disconnected
2024-12-20T01:05:32.622Z [INFO]: Middlewares configured successfully.
2024-12-20T01:05:32.666Z [INFO]: Server is running on http://localhost:8080
2024-12-20T01:05:33.884Z [INFO]: Connected To MongoDB Locally.
2024-12-20T01:13:14.771Z [INFO]: Middlewares configured successfully.
2024-12-20T01:13:14.861Z [INFO]: Server is running on http://localhost:8080
2024-12-20T01:13:14.931Z [INFO]: Connected To MongoDB Locally.
2024-12-20T01:13:26.844Z [INFO]: Middlewares configured successfully.
2024-12-20T01:13:26.889Z [INFO]: Server is running on http://localhost:8080
2024-12-20T01:13:26.954Z [INFO]: Connected To MongoDB Locally.
2024-12-20T01:14:03.973Z [INFO]: Middlewares configured successfully.
2024-12-20T01:14:04.022Z [INFO]: Server is running on http://localhost:8080
2024-12-20T01:14:04.068Z [INFO]: Connected To MongoDB Locally.
2024-12-20T01:16:06.933Z [DEBUG]: Connected to MongoDB
2024-12-20T01:16:06.936Z [DEBUG]: Database connection established for seeding
2024-12-20T01:16:07.282Z [DEBUG]: User Aiqw99 added.
2024-12-20T01:16:07.283Z [DEBUG]: User Aiqw98 added.
2024-12-20T01:16:07.283Z [DEBUG]: User Aiqw97 added.
2024-12-20T01:16:07.284Z [DEBUG]: Data successfully imported
2024-12-20T01:16:07.288Z [DEBUG]: Database disconnected
2024-12-20T01:16:43.629Z [DEBUG]: Connected to MongoDB
2024-12-20T01:16:43.631Z [DEBUG]: Database connection established for seeding
2024-12-20T01:16:44.738Z [DEBUG]: User Aiqw99 added.
2024-12-20T01:16:44.739Z [DEBUG]: User Aiqw98 added.
2024-12-20T01:16:44.739Z [DEBUG]: User Aiqw97 added.
2024-12-20T01:16:44.740Z [DEBUG]: Data successfully imported
2024-12-20T01:16:44.763Z [DEBUG]: Database disconnected
2024-12-20T01:17:59.161Z [INFO]: Received SIGINT (Ctrl+C). Initiating graceful shutdown...
2024-12-20T12:01:24.571Z [INFO]: Middlewares configured successfully.
2024-12-20T12:01:24.620Z [INFO]: Server is running on http://localhost:8080
2024-12-20T12:01:25.921Z [INFO]: Connected To MongoDB Locally.
2024-12-20T12:01:45.314Z [INFO]: Middlewares configured successfully.
2024-12-20T12:01:45.370Z [INFO]: Server is running on http://localhost:8080
2024-12-20T12:01:45.437Z [INFO]: Connected To MongoDB Locally.
2024-12-20T12:04:24.751Z [INFO]: Middlewares configured successfully.
2024-12-20T12:04:24.795Z [INFO]: Server is running on http://localhost:8080
2024-12-20T12:04:24.842Z [INFO]: Connected To MongoDB Locally.
2024-12-20T13:00:00.062Z [DEBUG]: Cron task to remove expired refresh tokens ran at: 12/20/2024, 3:00:00 PM
2024-12-20T13:00:00.071Z [DEBUG]: Cron job ran successfully at: 12/20/2024, 3:00:00 PM
2024-12-20T14:46:20.495Z [DEBUG]: Cron task to remove expired refresh tokens ran at: 12/20/2024, 4:46:20 PM
2024-12-20T14:46:20.497Z [DEBUG]: Cron job ran successfully at: 12/20/2024, 4:46:20 PM
2024-12-20T15:49:52.948Z [DEBUG]: Cron task to remove expired refresh tokens ran at: 12/20/2024, 5:49:52 PM
2024-12-20T15:49:53.062Z [DEBUG]: Cron job ran successfully at: 12/20/2024, 5:49:53 PM
2024-12-20T16:00:00.019Z [DEBUG]: Cron task to remove expired refresh tokens ran at: 12/20/2024, 6:00:00 PM
2024-12-20T16:00:00.022Z [DEBUG]: Cron job ran successfully at: 12/20/2024, 6:00:00 PM
2024-12-20T16:11:34.300Z [INFO]: Middlewares configured successfully.
2024-12-20T16:11:34.342Z [INFO]: Server is running on http://localhost:8080
2024-12-20T16:11:34.384Z [INFO]: Connected To MongoDB Locally.
2024-12-20T16:12:09.814Z [INFO]: Middlewares configured successfully.
2024-12-20T16:12:09.856Z [INFO]: Server is running on http://localhost:8080
2024-12-20T16:12:09.898Z [INFO]: Connected To MongoDB Locally.
2024-12-20T16:12:20.793Z [INFO]: Middlewares configured successfully.
2024-12-20T16:12:20.834Z [INFO]: Server is running on http://localhost:8080
2024-12-20T16:12:20.877Z [INFO]: Connected To MongoDB Locally.
2024-12-20T16:12:33.355Z [INFO]: Middlewares configured successfully.
2024-12-20T16:12:33.401Z [INFO]: Server is running on http://localhost:8080
2024-12-20T16:12:33.448Z [INFO]: Connected To MongoDB Locally.
2024-12-20T16:17:03.932Z [INFO]: Middlewares configured successfully.
2024-12-20T16:17:04.013Z [INFO]: Server is running on http://localhost:8080
2024-12-20T16:17:04.096Z [INFO]: Connected To MongoDB Locally.
2024-12-20T16:37:18.780Z [INFO]: Middlewares configured successfully.
2024-12-20T16:37:18.819Z [INFO]: Server is running on http://localhost:8080
2024-12-20T16:37:18.863Z [INFO]: Connected To MongoDB Locally.
2024-12-20T16:37:56.907Z [INFO]: Middlewares configured successfully.
2024-12-20T16:37:56.953Z [INFO]: Server is running on http://localhost:8080
2024-12-20T16:37:57.008Z [INFO]: Connected To MongoDB Locally.
2024-12-20T16:38:54.723Z [INFO]: Middlewares configured successfully.
2024-12-20T16:38:54.774Z [INFO]: Server is running on http://localhost:8080
2024-12-20T16:38:54.830Z [INFO]: Connected To MongoDB Locally.
2024-12-20T16:39:21.517Z [INFO]: Middlewares configured successfully.
2024-12-20T16:39:21.593Z [INFO]: Server is running on http://localhost:8080
2024-12-20T16:39:21.680Z [INFO]: Connected To MongoDB Locally.
2024-12-20T16:39:40.832Z [INFO]: Middlewares configured successfully.
2024-12-20T16:39:40.875Z [INFO]: Server is running on http://localhost:8080
2024-12-20T16:39:40.925Z [INFO]: Connected To MongoDB Locally.
2024-12-20T16:42:12.757Z [INFO]: Middlewares configured successfully.
2024-12-20T16:42:12.828Z [INFO]: Server is running on http://localhost:8080
2024-12-20T16:42:12.907Z [INFO]: Connected To MongoDB Locally.
2024-12-20T16:44:40.758Z [INFO]: Middlewares configured successfully.
2024-12-20T16:44:40.799Z [INFO]: Server is running on http://localhost:8080
2024-12-20T16:44:40.851Z [INFO]: Connected To MongoDB Locally.
2024-12-20T16:44:54.102Z [INFO]: Middlewares configured successfully.
2024-12-20T16:44:54.147Z [INFO]: Server is running on http://localhost:8080
2024-12-20T16:44:54.196Z [INFO]: Connected To MongoDB Locally.
2024-12-20T16:46:10.142Z [INFO]: Middlewares configured successfully.
2024-12-20T16:46:10.181Z [INFO]: Server is running on http://localhost:8080
2024-12-20T16:46:10.228Z [INFO]: Connected To MongoDB Locally.
2024-12-20T17:00:00.097Z [DEBUG]: Cron task to remove expired refresh tokens ran at: 12/20/2024, 7:00:00 PM
2024-12-20T17:00:00.114Z [DEBUG]: Cron job ran successfully at: 12/20/2024, 7:00:00 PM
2024-12-20T17:02:18.764Z [INFO]: Middlewares configured successfully.
2024-12-20T17:02:18.799Z [INFO]: Server is running on http://localhost:8080
2024-12-20T17:02:18.832Z [INFO]: Connected To MongoDB Locally.
2024-12-20T17:06:15.979Z [INFO]: Middlewares configured successfully.
2024-12-20T17:06:16.052Z [INFO]: Server is running on http://localhost:8080
2024-12-20T17:06:16.112Z [INFO]: Connected To MongoDB Locally.
2024-12-20T17:13:31.383Z [INFO]: Middlewares configured successfully.
2024-12-20T17:13:31.427Z [INFO]: Server is running on http://localhost:8080
2024-12-20T17:13:31.472Z [INFO]: Connected To MongoDB Locally.
2024-12-20T17:16:21.709Z [INFO]: Middlewares configured successfully.
2024-12-20T17:16:21.755Z [INFO]: Server is running on http://localhost:8080
2024-12-20T17:16:21.800Z [INFO]: Connected To MongoDB Locally.
2024-12-20T17:21:23.246Z [INFO]: Middlewares configured successfully.
2024-12-20T17:21:23.362Z [INFO]: Server is running on http://localhost:8080
2024-12-20T17:21:23.451Z [INFO]: Connected To MongoDB Locally.
2024-12-20T17:22:20.396Z [INFO]: Middlewares configured successfully.
2024-12-20T17:22:20.451Z [INFO]: Server is running on http://localhost:8080
2024-12-20T17:22:20.498Z [INFO]: Connected To MongoDB Locally.
2024-12-20T17:22:36.458Z [INFO]: Middlewares configured successfully.
2024-12-20T17:22:36.508Z [INFO]: Server is running on http://localhost:8080
2024-12-20T17:22:36.556Z [INFO]: Connected To MongoDB Locally.
2024-12-20T17:24:50.883Z [INFO]: Middlewares configured successfully.
2024-12-20T17:24:50.950Z [INFO]: Server is running on http://localhost:8080
2024-12-20T17:24:50.992Z [INFO]: Connected To MongoDB Locally.
2024-12-20T17:29:20.218Z [INFO]: Middlewares configured successfully.
2024-12-20T17:29:20.292Z [INFO]: Server is running on http://localhost:8080
2024-12-20T17:29:20.356Z [INFO]: Connected To MongoDB Locally.
2024-12-20T17:32:59.824Z [INFO]: Middlewares configured successfully.
2024-12-20T17:32:59.867Z [INFO]: Server is running on http://localhost:8080
2024-12-20T17:32:59.910Z [INFO]: Connected To MongoDB Locally.
2024-12-20T17:34:51.680Z [INFO]: Middlewares configured successfully.
2024-12-20T17:34:51.759Z [INFO]: Server is running on http://localhost:8080
2024-12-20T17:34:51.837Z [INFO]: Connected To MongoDB Locally.
2024-12-20T17:43:41.471Z [INFO]: Middlewares configured successfully.
2024-12-20T17:43:41.529Z [INFO]: Server is running on http://localhost:8080
2024-12-20T17:43:41.598Z [INFO]: Connected To MongoDB Locally.
2024-12-20T17:46:11.467Z [INFO]: Middlewares configured successfully.
2024-12-20T17:46:11.509Z [INFO]: Server is running on http://localhost:8080
2024-12-20T17:46:11.549Z [INFO]: Connected To MongoDB Locally.
2024-12-20T17:46:48.541Z [INFO]: Middlewares configured successfully.
2024-12-20T17:46:48.586Z [INFO]: Server is running on http://localhost:8080
2024-12-20T17:46:48.636Z [INFO]: Connected To MongoDB Locally.
2024-12-20T17:47:11.203Z [INFO]: Middlewares configured successfully.
2024-12-20T17:47:11.265Z [INFO]: Server is running on http://localhost:8080
2024-12-20T17:47:11.341Z [INFO]: Connected To MongoDB Locally.
2024-12-20T17:47:43.609Z [INFO]: Middlewares configured successfully.
2024-12-20T17:47:43.648Z [INFO]: Server is running on http://localhost:8080
2024-12-20T17:47:43.693Z [INFO]: Connected To MongoDB Locally.
2024-12-20T17:48:08.239Z [INFO]: Middlewares configured successfully.
2024-12-20T17:48:08.284Z [INFO]: Server is running on http://localhost:8080
2024-12-20T17:48:08.338Z [INFO]: Connected To MongoDB Locally.
2024-12-20T17:48:30.030Z [INFO]: Middlewares configured successfully.
2024-12-20T17:48:30.074Z [INFO]: Server is running on http://localhost:8080
2024-12-20T17:48:30.123Z [INFO]: Connected To MongoDB Locally.
2024-12-20T17:48:44.449Z [INFO]: Middlewares configured successfully.
2024-12-20T17:48:44.528Z [INFO]: Server is running on http://localhost:8080
2024-12-20T17:48:44.592Z [INFO]: Connected To MongoDB Locally.
2024-12-20T17:52:53.334Z [INFO]: Middlewares configured successfully.
2024-12-20T17:52:53.375Z [INFO]: Server is running on http://localhost:8080
2024-12-20T17:52:53.429Z [INFO]: Connected To MongoDB Locally.
2024-12-20T17:54:04.121Z [INFO]: Middlewares configured successfully.
2024-12-20T17:54:04.204Z [INFO]: Server is running on http://localhost:8080
2024-12-20T17:54:04.296Z [INFO]: Connected To MongoDB Locally.
2024-12-20T17:54:25.739Z [INFO]: Middlewares configured successfully.
2024-12-20T17:54:25.792Z [INFO]: Server is running on http://localhost:8080
2024-12-20T17:54:25.859Z [INFO]: Connected To MongoDB Locally.
2024-12-20T17:59:00.298Z [INFO]: Middlewares configured successfully.
2024-12-20T17:59:00.359Z [INFO]: Server is running on http://localhost:8080
2024-12-20T17:59:00.424Z [INFO]: Connected To MongoDB Locally.
2024-12-20T17:59:47.922Z [INFO]: Middlewares configured successfully.
2024-12-20T17:59:47.959Z [INFO]: Server is running on http://localhost:8080
2024-12-20T17:59:48.017Z [INFO]: Connected To MongoDB Locally.
2024-12-20T18:00:00.089Z [DEBUG]: Cron task to remove expired refresh tokens ran at: 12/20/2024, 8:00:00 PM
2024-12-20T18:00:00.107Z [DEBUG]: Cron job ran successfully at: 12/20/2024, 8:00:00 PM
2024-12-20T18:01:50.778Z [INFO]: Middlewares configured successfully.
2024-12-20T18:01:50.876Z [INFO]: Server is running on http://localhost:8080
2024-12-20T18:01:50.977Z [INFO]: Connected To MongoDB Locally.
2024-12-20T18:07:28.938Z [INFO]: Middlewares configured successfully.
2024-12-20T18:07:28.988Z [INFO]: Server is running on http://localhost:8080
2024-12-20T18:07:29.046Z [INFO]: Connected To MongoDB Locally.
2024-12-20T18:07:46.974Z [INFO]: Middlewares configured successfully.
2024-12-20T18:07:47.018Z [INFO]: Server is running on http://localhost:8080
2024-12-20T18:07:47.064Z [INFO]: Connected To MongoDB Locally.
2024-12-20T18:08:02.675Z [INFO]: Middlewares configured successfully.
2024-12-20T18:08:02.739Z [INFO]: Server is running on http://localhost:8080
2024-12-20T18:08:02.808Z [INFO]: Connected To MongoDB Locally.
2024-12-20T18:08:29.062Z [INFO]: Middlewares configured successfully.
2024-12-20T18:08:29.112Z [INFO]: Server is running on http://localhost:8080
2024-12-20T18:08:29.166Z [INFO]: Connected To MongoDB Locally.
2024-12-20T18:10:14.230Z [INFO]: Middlewares configured successfully.
2024-12-20T18:10:14.290Z [INFO]: Server is running on http://localhost:8080
2024-12-20T18:10:14.353Z [INFO]: Connected To MongoDB Locally.
2024-12-20T18:11:13.763Z [INFO]: Middlewares configured successfully.
2024-12-20T18:11:13.835Z [INFO]: Server is running on http://localhost:8080
2024-12-20T18:11:13.917Z [INFO]: Connected To MongoDB Locally.
2024-12-20T18:11:26.904Z [INFO]: Middlewares configured successfully.
2024-12-20T18:11:26.946Z [INFO]: Server is running on http://localhost:8080
2024-12-20T18:11:26.990Z [INFO]: Connected To MongoDB Locally.
2024-12-20T18:12:54.790Z [INFO]: Middlewares configured successfully.
2024-12-20T18:12:54.837Z [INFO]: Server is running on http://localhost:8080
2024-12-20T18:12:54.887Z [INFO]: Connected To MongoDB Locally.
2024-12-20T18:13:35.261Z [INFO]: Middlewares configured successfully.
2024-12-20T18:13:35.304Z [INFO]: Server is running on http://localhost:8080
2024-12-20T18:13:35.363Z [INFO]: Connected To MongoDB Locally.
2024-12-20T19:24:00.796Z [DEBUG]: Cron task to remove expired refresh tokens ran at: 12/20/2024, 9:24:00 PM
2024-12-20T19:24:00.805Z [DEBUG]: Cron job ran successfully at: 12/20/2024, 9:24:00 PM
2024-12-20T19:36:24.986Z [INFO]: Middlewares configured successfully.
2024-12-20T19:36:25.034Z [INFO]: Server is running on http://localhost:8080
2024-12-20T19:36:25.094Z [INFO]: Connected To MongoDB Locally.
2024-12-20T19:36:50.918Z [INFO]: Middlewares configured successfully.
2024-12-20T19:36:50.957Z [INFO]: Server is running on http://localhost:8080
2024-12-20T19:36:51.000Z [INFO]: Connected To MongoDB Locally.
2024-12-20T19:38:26.243Z [INFO]: Middlewares configured successfully.
2024-12-20T19:38:26.304Z [INFO]: Server is running on http://localhost:8080
2024-12-20T19:38:26.360Z [INFO]: Connected To MongoDB Locally.
2024-12-20T19:39:33.494Z [INFO]: Middlewares configured successfully.
2024-12-20T19:39:33.547Z [INFO]: Server is running on http://localhost:8080
2024-12-20T19:39:33.604Z [INFO]: Connected To MongoDB Locally.
2024-12-20T19:41:13.513Z [INFO]: Middlewares configured successfully.
2024-12-20T19:41:13.577Z [INFO]: Server is running on http://localhost:8080
2024-12-20T19:41:13.647Z [INFO]: Connected To MongoDB Locally.
2024-12-20T19:43:04.335Z [INFO]: Middlewares configured successfully.
2024-12-20T19:43:04.376Z [INFO]: Server is running on http://localhost:8080
2024-12-20T19:43:04.422Z [INFO]: Connected To MongoDB Locally.
2024-12-20T19:46:39.142Z [INFO]: Middlewares configured successfully.
2024-12-20T19:46:39.187Z [INFO]: Server is running on http://localhost:8080
2024-12-20T19:46:39.245Z [INFO]: Connected To MongoDB Locally.
2024-12-20T19:49:53.357Z [INFO]: Middlewares configured successfully.
2024-12-20T19:49:53.425Z [INFO]: Server is running on http://localhost:8080
2024-12-20T19:49:53.499Z [INFO]: Connected To MongoDB Locally.
2024-12-20T19:50:19.269Z [INFO]: Middlewares configured successfully.
2024-12-20T19:50:19.351Z [INFO]: Server is running on http://localhost:8080
2024-12-20T19:50:19.435Z [INFO]: Connected To MongoDB Locally.
2024-12-20T19:51:13.652Z [INFO]: Middlewares configured successfully.
2024-12-20T19:51:13.698Z [INFO]: Server is running on http://localhost:8080
2024-12-20T19:51:13.756Z [INFO]: Connected To MongoDB Locally.
2024-12-20T19:55:23.506Z [INFO]: Middlewares configured successfully.
2024-12-20T19:55:23.543Z [INFO]: Server is running on http://localhost:8080
2024-12-20T19:55:23.589Z [INFO]: Connected To MongoDB Locally.
2024-12-20T19:55:38.441Z [INFO]: Middlewares configured successfully.
2024-12-20T19:55:38.498Z [INFO]: Server is running on http://localhost:8080
2024-12-20T19:55:38.646Z [INFO]: Connected To MongoDB Locally.
2024-12-20T19:56:05.630Z [INFO]: Middlewares configured successfully.
2024-12-20T19:56:05.668Z [INFO]: Server is running on http://localhost:8080
2024-12-20T19:56:05.716Z [INFO]: Connected To MongoDB Locally.
2024-12-20T20:01:11.249Z [INFO]: Middlewares configured successfully.
2024-12-20T20:01:11.296Z [INFO]: Server is running on http://localhost:8080
2024-12-20T20:01:11.341Z [INFO]: Connected To MongoDB Locally.
2024-12-20T20:04:20.107Z [INFO]: Middlewares configured successfully.
2024-12-20T20:04:20.202Z [INFO]: Server is running on http://localhost:8080
2024-12-20T20:04:20.275Z [INFO]: Connected To MongoDB Locally.
2024-12-20T20:11:24.169Z [INFO]: Middlewares configured successfully.
2024-12-20T20:11:24.252Z [INFO]: Server is running on http://localhost:8080
2024-12-20T20:11:24.336Z [INFO]: Connected To MongoDB Locally.
2024-12-20T20:12:28.193Z [INFO]: Middlewares configured successfully.
2024-12-20T20:12:28.269Z [INFO]: Server is running on http://localhost:8080
2024-12-20T20:12:28.350Z [INFO]: Connected To MongoDB Locally.
2024-12-20T20:13:01.112Z [INFO]: Middlewares configured successfully.
2024-12-20T20:13:01.160Z [INFO]: Server is running on http://localhost:8080
2024-12-20T20:13:01.233Z [INFO]: Connected To MongoDB Locally.
2024-12-20T20:13:21.121Z [INFO]: Middlewares configured successfully.
2024-12-20T20:13:21.171Z [INFO]: Server is running on http://localhost:8080
2024-12-20T20:13:21.237Z [INFO]: Connected To MongoDB Locally.
2024-12-20T20:13:46.340Z [INFO]: Middlewares configured successfully.
2024-12-20T20:13:46.380Z [INFO]: Server is running on http://localhost:8080
2024-12-20T20:13:46.429Z [INFO]: Connected To MongoDB Locally.
2024-12-20T20:14:17.142Z [INFO]: Middlewares configured successfully.
2024-12-20T20:14:17.185Z [INFO]: Server is running on http://localhost:8080
2024-12-20T20:14:17.236Z [INFO]: Connected To MongoDB Locally.
2024-12-20T20:20:24.761Z [INFO]: Middlewares configured successfully.
2024-12-20T20:20:24.810Z [INFO]: Server is running on http://localhost:8080
2024-12-20T20:20:24.860Z [INFO]: Connected To MongoDB Locally.
2024-12-20T20:21:15.096Z [INFO]: Middlewares configured successfully.
2024-12-20T20:21:15.149Z [INFO]: Server is running on http://localhost:8080
2024-12-20T20:21:15.253Z [INFO]: Connected To MongoDB Locally.
2024-12-20T20:22:24.048Z [INFO]: Middlewares configured successfully.
2024-12-20T20:22:24.110Z [INFO]: Server is running on http://localhost:8080
2024-12-20T20:22:24.204Z [INFO]: Connected To MongoDB Locally.
2024-12-20T21:00:00.046Z [DEBUG]: Cron task to remove expired refresh tokens ran at: 12/20/2024, 11:00:00 PM
2024-12-20T21:00:00.055Z [DEBUG]: Cron job ran successfully at: 12/20/2024, 11:00:00 PM
2024-12-20T21:06:16.302Z [INFO]: Middlewares configured successfully.
2024-12-20T21:06:16.346Z [INFO]: Server is running on http://localhost:8080
2024-12-20T21:06:16.395Z [INFO]: Connected To MongoDB Locally.
2024-12-20T21:11:21.763Z [INFO]: Middlewares configured successfully.
2024-12-20T21:11:21.861Z [INFO]: Server is running on http://localhost:8080
2024-12-20T21:11:21.945Z [INFO]: Connected To MongoDB Locally.
2024-12-20T21:12:12.804Z [INFO]: Middlewares configured successfully.
2024-12-20T21:12:12.888Z [INFO]: Server is running on http://localhost:8080
2024-12-20T21:12:12.973Z [INFO]: Connected To MongoDB Locally.
2024-12-20T21:13:29.051Z [INFO]: Middlewares configured successfully.
2024-12-20T21:13:29.095Z [INFO]: Server is running on http://localhost:8080
2024-12-20T21:13:29.145Z [INFO]: Connected To MongoDB Locally.
2024-12-20T21:15:22.360Z [INFO]: Middlewares configured successfully.
2024-12-20T21:15:22.443Z [INFO]: Server is running on http://localhost:8080
2024-12-20T21:15:22.512Z [INFO]: Connected To MongoDB Locally.
2024-12-20T21:16:14.070Z [INFO]: Middlewares configured successfully.
2024-12-20T21:16:14.147Z [INFO]: Server is running on http://localhost:8080
2024-12-20T21:16:14.217Z [INFO]: Connected To MongoDB Locally.
2024-12-20T21:16:29.496Z [INFO]: Middlewares configured successfully.
2024-12-20T21:16:29.579Z [INFO]: Server is running on http://localhost:8080
2024-12-20T21:16:29.677Z [INFO]: Connected To MongoDB Locally.
2024-12-20T21:26:31.098Z [INFO]: Middlewares configured successfully.
2024-12-20T21:26:31.152Z [INFO]: Server is running on http://localhost:8080
2024-12-20T21:26:31.204Z [INFO]: Connected To MongoDB Locally.
2024-12-20T21:27:07.663Z [INFO]: Middlewares configured successfully.
2024-12-20T21:27:07.709Z [INFO]: Server is running on http://localhost:8080
2024-12-20T21:27:07.760Z [INFO]: Connected To MongoDB Locally.
2024-12-20T21:27:38.649Z [INFO]: Middlewares configured successfully.
2024-12-20T21:27:38.726Z [INFO]: Server is running on http://localhost:8080
2024-12-20T21:27:38.819Z [INFO]: Connected To MongoDB Locally.
2024-12-20T21:28:23.373Z [INFO]: Middlewares configured successfully.
2024-12-20T21:28:23.426Z [INFO]: Server is running on http://localhost:8080
2024-12-20T21:28:23.481Z [INFO]: Connected To MongoDB Locally.
2024-12-20T21:28:39.952Z [INFO]: Middlewares configured successfully.
2024-12-20T21:28:40.028Z [INFO]: Server is running on http://localhost:8080
2024-12-20T21:28:40.100Z [INFO]: Connected To MongoDB Locally.
2024-12-20T21:29:09.404Z [INFO]: Middlewares configured successfully.
2024-12-20T21:29:09.490Z [INFO]: Server is running on http://localhost:8080
2024-12-20T21:29:09.571Z [INFO]: Connected To MongoDB Locally.
2024-12-20T21:29:20.401Z [INFO]: Middlewares configured successfully.
2024-12-20T21:29:20.465Z [INFO]: Server is running on http://localhost:8080
2024-12-20T21:29:20.548Z [INFO]: Connected To MongoDB Locally.
2024-12-20T21:29:30.000Z [INFO]: Middlewares configured successfully.
2024-12-20T21:29:30.050Z [INFO]: Server is running on http://localhost:8080
2024-12-20T21:29:30.103Z [INFO]: Connected To MongoDB Locally.
2024-12-20T21:31:57.610Z [INFO]: Middlewares configured successfully.
2024-12-20T21:31:57.651Z [INFO]: Server is running on http://localhost:8080
2024-12-20T21:31:57.703Z [INFO]: Connected To MongoDB Locally.
2024-12-20T21:32:49.190Z [INFO]: Middlewares configured successfully.
2024-12-20T21:32:49.232Z [INFO]: Server is running on http://localhost:8080
2024-12-20T21:32:49.278Z [INFO]: Connected To MongoDB Locally.
2024-12-20T21:34:15.403Z [INFO]: Middlewares configured successfully.
2024-12-20T21:34:15.464Z [INFO]: Server is running on http://localhost:8080
2024-12-20T21:34:15.627Z [INFO]: Connected To MongoDB Locally.
2024-12-20T21:34:26.016Z [INFO]: Middlewares configured successfully.
2024-12-20T21:34:26.078Z [INFO]: Server is running on http://localhost:8080
2024-12-20T21:34:26.140Z [INFO]: Connected To MongoDB Locally.
2024-12-20T21:34:45.193Z [INFO]: Middlewares configured successfully.
2024-12-20T21:34:45.282Z [INFO]: Server is running on http://localhost:8080
2024-12-20T21:34:45.394Z [INFO]: Connected To MongoDB Locally.
2024-12-20T21:34:53.079Z [INFO]: Middlewares configured successfully.
2024-12-20T21:34:53.125Z [INFO]: Server is running on http://localhost:8080
2024-12-20T21:34:53.175Z [INFO]: Connected To MongoDB Locally.
2024-12-20T21:35:15.089Z [INFO]: Middlewares configured successfully.
2024-12-20T21:35:15.163Z [INFO]: Server is running on http://localhost:8080
2024-12-20T21:35:15.249Z [INFO]: Connected To MongoDB Locally.
2024-12-20T21:35:43.280Z [INFO]: Middlewares configured successfully.
2024-12-20T21:35:43.370Z [INFO]: Server is running on http://localhost:8080
2024-12-20T21:35:43.470Z [INFO]: Connected To MongoDB Locally.
2024-12-20T21:41:40.212Z [INFO]: Middlewares configured successfully.
2024-12-20T21:41:40.281Z [INFO]: Server is running on http://localhost:8080
2024-12-20T21:41:40.365Z [INFO]: Connected To MongoDB Locally.
2024-12-20T21:42:01.319Z [INFO]: Middlewares configured successfully.
2024-12-20T21:42:01.363Z [INFO]: Server is running on http://localhost:8080
2024-12-20T21:42:01.414Z [INFO]: Connected To MongoDB Locally.
2024-12-20T21:42:34.740Z [INFO]: Middlewares configured successfully.
2024-12-20T21:42:34.803Z [INFO]: Server is running on http://localhost:8080
2024-12-20T21:42:34.864Z [INFO]: Connected To MongoDB Locally.
2024-12-20T21:43:28.842Z [INFO]: Middlewares configured successfully.
2024-12-20T21:43:28.882Z [INFO]: Server is running on http://localhost:8080
2024-12-20T21:43:28.931Z [INFO]: Connected To MongoDB Locally.
2024-12-20T21:50:21.775Z [INFO]: Middlewares configured successfully.
2024-12-20T21:50:21.849Z [INFO]: Server is running on http://localhost:8080
2024-12-20T21:50:21.926Z [INFO]: Connected To MongoDB Locally.
2024-12-20T21:51:21.637Z [INFO]: Middlewares configured successfully.
2024-12-20T21:51:21.680Z [INFO]: Server is running on http://localhost:8080
2024-12-20T21:51:21.729Z [INFO]: Connected To MongoDB Locally.
2024-12-20T21:51:56.094Z [INFO]: Middlewares configured successfully.
2024-12-20T21:51:56.166Z [INFO]: Server is running on http://localhost:8080
2024-12-20T21:51:56.244Z [INFO]: Connected To MongoDB Locally.
2024-12-20T21:52:09.016Z [INFO]: Middlewares configured successfully.
2024-12-20T21:52:09.090Z [INFO]: Server is running on http://localhost:8080
2024-12-20T21:52:09.165Z [INFO]: Connected To MongoDB Locally.
2024-12-20T21:53:19.539Z [INFO]: Middlewares configured successfully.
2024-12-20T21:53:19.603Z [INFO]: Server is running on http://localhost:8080
2024-12-20T21:53:19.693Z [INFO]: Connected To MongoDB Locally.
2024-12-20T21:53:42.163Z [INFO]: Middlewares configured successfully.
2024-12-20T21:53:42.233Z [INFO]: Server is running on http://localhost:8080
2024-12-20T21:53:42.327Z [INFO]: Connected To MongoDB Locally.
2024-12-20T21:53:54.913Z [INFO]: Middlewares configured successfully.
2024-12-20T21:53:54.977Z [INFO]: Server is running on http://localhost:8080
2024-12-20T21:53:55.061Z [INFO]: Connected To MongoDB Locally.
2024-12-20T21:54:57.374Z [INFO]: Middlewares configured successfully.
2024-12-20T21:54:57.439Z [INFO]: Server is running on http://localhost:8080
2024-12-20T21:54:57.508Z [INFO]: Connected To MongoDB Locally.
2024-12-20T21:55:08.332Z [INFO]: Middlewares configured successfully.
2024-12-20T21:55:08.424Z [INFO]: Server is running on http://localhost:8080
2024-12-20T21:55:08.520Z [INFO]: Connected To MongoDB Locally.
2024-12-20T21:57:57.836Z [INFO]: Middlewares configured successfully.
2024-12-20T21:57:57.888Z [INFO]: Server is running on http://localhost:8080
2024-12-20T21:57:57.961Z [INFO]: Connected To MongoDB Locally.
2024-12-20T21:58:41.995Z [INFO]: Middlewares configured successfully.
2024-12-20T21:58:42.076Z [INFO]: Server is running on http://localhost:8080
2024-12-20T21:58:42.159Z [INFO]: Connected To MongoDB Locally.
2024-12-20T21:58:58.074Z [INFO]: Middlewares configured successfully.
2024-12-20T21:58:58.148Z [INFO]: Server is running on http://localhost:8080
2024-12-20T21:58:58.234Z [INFO]: Connected To MongoDB Locally.
2024-12-20T21:59:15.982Z [INFO]: Middlewares configured successfully.
2024-12-20T21:59:16.046Z [INFO]: Server is running on http://localhost:8080
2024-12-20T21:59:16.131Z [INFO]: Connected To MongoDB Locally.
2024-12-20T22:00:05.020Z [INFO]: Middlewares configured successfully.
2024-12-20T22:00:05.134Z [INFO]: Server is running on http://localhost:8080
2024-12-20T22:00:05.264Z [INFO]: Connected To MongoDB Locally.
2024-12-20T22:00:40.946Z [INFO]: Middlewares configured successfully.
2024-12-20T22:00:41.080Z [INFO]: Server is running on http://localhost:8080
2024-12-20T22:00:41.176Z [INFO]: Connected To MongoDB Locally.
2024-12-20T22:03:13.104Z [INFO]: Middlewares configured successfully.
2024-12-20T22:03:13.177Z [INFO]: Server is running on http://localhost:8080
2024-12-20T22:03:13.246Z [INFO]: Connected To MongoDB Locally.
2024-12-20T22:05:13.309Z [INFO]: Middlewares configured successfully.
2024-12-20T22:05:13.380Z [INFO]: Server is running on http://localhost:8080
2024-12-20T22:05:13.459Z [INFO]: Connected To MongoDB Locally.
2024-12-20T22:05:33.324Z [INFO]: Middlewares configured successfully.
2024-12-20T22:05:33.391Z [INFO]: Server is running on http://localhost:8080
2024-12-20T22:05:33.473Z [INFO]: Connected To MongoDB Locally.
2024-12-20T22:06:59.292Z [INFO]: Middlewares configured successfully.
2024-12-20T22:06:59.378Z [INFO]: Server is running on http://localhost:8080
2024-12-20T22:06:59.471Z [INFO]: Connected To MongoDB Locally.
2024-12-20T22:07:14.393Z [INFO]: Middlewares configured successfully.
2024-12-20T22:07:14.472Z [INFO]: Server is running on http://localhost:8080
2024-12-20T22:07:14.545Z [INFO]: Connected To MongoDB Locally.
2024-12-20T22:07:50.350Z [INFO]: Middlewares configured successfully.
2024-12-20T22:07:50.418Z [INFO]: Server is running on http://localhost:8080
2024-12-20T22:07:50.484Z [INFO]: Connected To MongoDB Locally.
2024-12-20T22:09:34.713Z [INFO]: Middlewares configured successfully.
2024-12-20T22:09:34.809Z [INFO]: Server is running on http://localhost:8080
2024-12-20T22:09:34.910Z [INFO]: Connected To MongoDB Locally.
2024-12-20T22:09:53.681Z [INFO]: Middlewares configured successfully.
2024-12-20T22:09:53.839Z [INFO]: Server is running on http://localhost:8080
2024-12-20T22:09:53.993Z [INFO]: Connected To MongoDB Locally.
2024-12-20T22:11:41.045Z [INFO]: Middlewares configured successfully.
2024-12-20T22:11:41.162Z [INFO]: Server is running on http://localhost:8080
2024-12-20T22:11:41.283Z [INFO]: Connected To MongoDB Locally.
2024-12-20T22:12:29.005Z [INFO]: Middlewares configured successfully.
2024-12-20T22:12:29.187Z [INFO]: Server is running on http://localhost:8080
2024-12-20T22:12:29.402Z [INFO]: Connected To MongoDB Locally.
2024-12-20T22:12:46.680Z [INFO]: Middlewares configured successfully.
2024-12-20T22:12:46.772Z [INFO]: Server is running on http://localhost:8080
2024-12-20T22:12:46.853Z [INFO]: Connected To MongoDB Locally.
2024-12-20T22:13:11.645Z [INFO]: Middlewares configured successfully.
2024-12-20T22:13:11.727Z [INFO]: Server is running on http://localhost:8080
2024-12-20T22:13:11.820Z [INFO]: Connected To MongoDB Locally.
2024-12-20T22:13:22.372Z [INFO]: Middlewares configured successfully.
2024-12-20T22:13:22.444Z [INFO]: Server is running on http://localhost:8080
2024-12-20T22:13:22.529Z [INFO]: Connected To MongoDB Locally.
2024-12-20T22:14:14.796Z [INFO]: Middlewares configured successfully.
2024-12-20T22:14:14.865Z [INFO]: Server is running on http://localhost:8080
2024-12-20T22:14:14.929Z [INFO]: Connected To MongoDB Locally.
2024-12-20T22:15:45.220Z [INFO]: Middlewares configured successfully.
2024-12-20T22:15:45.276Z [INFO]: Server is running on http://localhost:8080
2024-12-20T22:15:45.341Z [INFO]: Connected To MongoDB Locally.
2024-12-20T22:16:12.365Z [INFO]: Middlewares configured successfully.
2024-12-20T22:16:12.422Z [INFO]: Server is running on http://localhost:8080
2024-12-20T22:16:12.487Z [INFO]: Connected To MongoDB Locally.
2024-12-20T22:16:55.232Z [INFO]: Middlewares configured successfully.
2024-12-20T22:16:55.282Z [INFO]: Server is running on http://localhost:8080
2024-12-20T22:16:55.344Z [INFO]: Connected To MongoDB Locally.
2024-12-20T22:18:49.511Z [INFO]: Middlewares configured successfully.
2024-12-20T22:18:49.567Z [INFO]: Server is running on http://localhost:8080
2024-12-20T22:18:49.624Z [INFO]: Connected To MongoDB Locally.
2024-12-20T22:19:17.367Z [INFO]: Middlewares configured successfully.
2024-12-20T22:19:17.419Z [INFO]: Server is running on http://localhost:8080
2024-12-20T22:19:17.473Z [INFO]: Connected To MongoDB Locally.
2024-12-20T22:20:44.077Z [INFO]: Middlewares configured successfully.
2024-12-20T22:20:44.140Z [INFO]: Server is running on http://localhost:8080
2024-12-20T22:20:44.200Z [INFO]: Connected To MongoDB Locally.
2024-12-20T22:23:11.528Z [INFO]: Middlewares configured successfully.
2024-12-20T22:23:11.571Z [INFO]: Server is running on http://localhost:8080
2024-12-20T22:23:11.623Z [INFO]: Connected To MongoDB Locally.
2024-12-20T22:23:52.103Z [INFO]: Middlewares configured successfully.
2024-12-20T22:23:52.153Z [INFO]: Server is running on http://localhost:8080
2024-12-20T22:23:52.203Z [INFO]: Connected To MongoDB Locally.
2024-12-20T22:26:55.397Z [INFO]: Middlewares configured successfully.
2024-12-20T22:26:55.470Z [INFO]: Server is running on http://localhost:8080
2024-12-20T22:26:55.542Z [INFO]: Connected To MongoDB Locally.
2024-12-20T22:27:14.104Z [INFO]: Middlewares configured successfully.
2024-12-20T22:27:14.150Z [INFO]: Server is running on http://localhost:8080
2024-12-20T22:27:14.199Z [INFO]: Connected To MongoDB Locally.
2024-12-20T22:29:32.286Z [ERROR]: Error: Invalid username or password.
Meta: {
  "url": "/api/auth/login",
  "method": "POST",
  "statusCode": 401
}
Stack trace:
Unauthorized: Invalid username or password.
    at AuthService.login (\services\authService.ts:105:11)
    at processTicksAndRejections (node:internal/process/task_queues:95:5)
    at async AuthController.login (\controllers\authController.ts:31:40)
2024-12-20T22:29:32.300Z [INFO]: Authentication process complete
2024-12-20T22:29:44.518Z [ERROR]: Error: Invalid username or password.
Meta: {
  "url": "/api/auth/login",
  "method": "POST",
  "statusCode": 401
}
Stack trace:
Unauthorized: Invalid username or password.
    at AuthService.login (\services\authService.ts:105:11)
    at processTicksAndRejections (node:internal/process/task_queues:95:5)
    at async AuthController.login (\controllers\authController.ts:31:40)
2024-12-20T22:29:44.520Z [INFO]: Authentication process complete
2024-12-20T22:30:11.458Z [ERROR]: Error: Account is locked. try again later.
Meta: {
  "url": "/api/auth/login",
  "method": "POST",
  "statusCode": 429
}
Stack trace:
Too Many Requests Error: Account is locked. try again later.
    at \utils\limiter.ts:71:12
    at processTicksAndRejections (node:internal/process/task_queues:95:5)
2024-12-20T22:30:37.374Z [INFO]: Received SIGINT (Ctrl+C). Initiating graceful shutdown...
2024-12-20T22:30:53.192Z [DEBUG]: Connected to MongoDB
2024-12-20T22:30:53.195Z [DEBUG]: Database connection established for seeding
2024-12-20T22:30:53.561Z [DEBUG]: User Aiqw99 added.
2024-12-20T22:30:53.562Z [DEBUG]: User Aiqw98 added.
2024-12-20T22:30:53.562Z [DEBUG]: User Aiqw97 added.
2024-12-20T22:30:53.562Z [DEBUG]: Data successfully imported
2024-12-20T22:30:53.567Z [DEBUG]: Database disconnected
2024-12-20T22:31:11.060Z [INFO]: Middlewares configured successfully.
2024-12-20T22:31:11.119Z [INFO]: Server is running on http://localhost:8080
2024-12-20T22:31:11.188Z [INFO]: Connected To MongoDB Locally.
2024-12-20T22:31:40.586Z [INFO]: Authentication process complete
2024-12-20T22:31:49.653Z [DEBUG]: Refresh token process complete
2024-12-20T22:32:18.224Z [DEBUG]: Display contacts complete.
2024-12-20T22:33:10.225Z [DEBUG]: Display contacts complete.
2024-12-20T22:34:55.575Z [DEBUG]: Display contacts complete.
2024-12-20T22:35:13.308Z [ERROR]: Error: Route not found
Meta: {
  "url": "/api/contacts/contact/6765d200e7022695766193fe",
  "method": "GET",
  "statusCode": 404
}
Stack trace:
Not Found: Route not found
    at notFoundMiddleware (\middlewares\notFoundMiddleware.ts:10:7)
2024-12-20T22:35:18.023Z [DEBUG]: Refresh token process complete
2024-12-20T22:35:27.678Z [ERROR]: Error: Route not found
Meta: {
  "url": "/api/contacts/contact/6765d200e7022695766193fe",
  "method": "GET",
  "statusCode": 404
}
Stack trace:
Not Found: Route not found
    at notFoundMiddleware (\middlewares\notFoundMiddleware.ts:10:7)
2024-12-20T22:35:44.709Z [DEBUG]: Display contact is complete.
2024-12-20T22:40:57.567Z [INFO]: Middlewares configured successfully.
2024-12-20T22:40:57.646Z [INFO]: Server is running on http://localhost:8080
2024-12-20T22:40:57.736Z [INFO]: Connected To MongoDB Locally.
2024-12-20T22:42:22.188Z [INFO]: Middlewares configured successfully.
2024-12-20T22:42:22.262Z [INFO]: Server is running on http://localhost:8080
2024-12-20T22:42:22.339Z [INFO]: Connected To MongoDB Locally.
2024-12-20T22:42:39.500Z [DEBUG]: Refresh token process complete
2024-12-20T22:43:12.086Z [DEBUG]: Refresh token process complete
2024-12-20T22:45:48.093Z [DEBUG]: Refresh token process complete
2024-12-20T22:46:21.585Z [DEBUG]: Port contacts is complete.
2024-12-20T22:46:36.255Z [DEBUG]: Port contacts is complete.
2024-12-20T22:46:48.239Z [DEBUG]: Port contacts is complete.
2024-12-20T22:46:50.748Z [DEBUG]: Port contacts is complete.
2024-12-20T22:47:04.048Z [DEBUG]: Port contacts is complete.
2024-12-20T22:47:05.894Z [DEBUG]: Port contacts is complete.
2024-12-20T22:49:02.735Z [DEBUG]: Port contacts is complete.
2024-12-20T22:49:30.923Z [INFO]: Middlewares configured successfully.
2024-12-20T22:49:30.988Z [INFO]: Server is running on http://localhost:8080
2024-12-20T22:49:31.067Z [INFO]: Connected To MongoDB Locally.
2024-12-20T22:55:13.571Z [INFO]: Middlewares configured successfully.
2024-12-20T22:55:13.650Z [INFO]: Server is running on http://localhost:8080
2024-12-20T22:55:13.769Z [INFO]: Connected To MongoDB Locally.
2024-12-20T22:55:57.259Z [DEBUG]: Refresh token process complete
2024-12-20T22:56:36.966Z [DEBUG]: Port contacts is complete.
2024-12-20T22:58:17.588Z [DEBUG]: Port contacts is complete.
2024-12-20T22:59:34.325Z [DEBUG]: Port contacts is complete.
2024-12-20T22:59:48.731Z [DEBUG]: Port contacts is complete.
2024-12-20T23:00:00.039Z [DEBUG]: Cron task to remove expired refresh tokens ran at: 12/21/2024, 1:00:00 AM
2024-12-20T23:00:00.047Z [DEBUG]: Cron job ran successfully at: 12/21/2024, 1:00:00 AM
2024-12-20T23:00:01.498Z [DEBUG]: Port contacts is complete.
2024-12-20T23:24:21.852Z [ERROR]: Error: Invalid Token: TokenExpiredError: jwt expired
Meta: {
  "url": "/api/contacts/contacts-by-location?location=maman&page=2&limit=3",
  "method": "GET",
  "statusCode": 403
}
Stack trace:
Forbidden Error: Invalid Token: TokenExpiredError: jwt expired
    at userAuth (\middlewares\userAuth.ts:44:8)
2024-12-20T23:24:28.762Z [DEBUG]: Refresh token process complete
2024-12-20T23:25:00.879Z [ERROR]: Error: No contacts found for the location: undefined
Meta: {
  "url": "/api/contacts/contacts-by-location?service=agent&page=2&limit=3",
  "method": "GET",
  "statusCode": 500
}
Stack trace:
Internal Error: No contacts found for the location: undefined
    at ContactService.selectByLocation (\services\contactService.ts:101:11)
    at processTicksAndRejections (node:internal/process/task_queues:95:5)
    at async ContactController.selectByLocation (\controllers\contactController.ts:72:35)
2024-12-20T23:25:00.881Z [DEBUG]: Port contacts is complete.
2024-12-20T23:25:29.629Z [ERROR]: Error: No contacts found for the location: undefined
Meta: {
  "url": "/api/contacts/contacts-by-location?service=agent&page=2&limit=3",
  "method": "GET",
  "statusCode": 500
}
Stack trace:
Internal Error: No contacts found for the location: undefined
    at ContactService.selectByLocation (\services\contactService.ts:101:11)
    at processTicksAndRejections (node:internal/process/task_queues:95:5)
    at async ContactController.selectByLocation (\controllers\contactController.ts:72:35)
2024-12-20T23:25:29.630Z [DEBUG]: Port contacts is complete.
2024-12-20T23:26:04.137Z [INFO]: Middlewares configured successfully.
2024-12-20T23:26:04.187Z [INFO]: Server is running on http://localhost:8080
2024-12-20T23:26:04.240Z [INFO]: Connected To MongoDB Locally.
2024-12-20T23:51:58.795Z [INFO]: Middlewares configured successfully.
2024-12-20T23:51:58.867Z [INFO]: Server is running on http://localhost:8080
2024-12-20T23:51:58.954Z [INFO]: Connected To MongoDB Locally.
2024-12-20T23:54:18.185Z [INFO]: Middlewares configured successfully.
2024-12-20T23:54:18.244Z [INFO]: Server is running on http://localhost:8080
2024-12-20T23:54:18.312Z [INFO]: Connected To MongoDB Locally.
2024-12-20T23:56:59.440Z [INFO]: Middlewares configured successfully.
2024-12-20T23:56:59.491Z [INFO]: Server is running on http://localhost:8080
2024-12-20T23:56:59.558Z [INFO]: Connected To MongoDB Locally.
2024-12-21T00:03:55.165Z [INFO]: Middlewares configured successfully.
2024-12-21T00:03:55.213Z [INFO]: Server is running on http://localhost:8080
2024-12-21T00:03:55.261Z [INFO]: Connected To MongoDB Locally.
2024-12-21T00:06:32.671Z [INFO]: Middlewares configured successfully.
2024-12-21T00:06:32.727Z [INFO]: Server is running on http://localhost:8080
2024-12-21T00:06:32.788Z [INFO]: Connected To MongoDB Locally.
2024-12-21T00:06:42.095Z [INFO]: Middlewares configured successfully.
2024-12-21T00:06:42.160Z [INFO]: Server is running on http://localhost:8080
2024-12-21T00:06:42.220Z [INFO]: Connected To MongoDB Locally.
2024-12-21T00:07:21.929Z [INFO]: Middlewares configured successfully.
2024-12-21T00:07:21.991Z [INFO]: Server is running on http://localhost:8080
2024-12-21T00:07:22.065Z [INFO]: Connected To MongoDB Locally.
2024-12-21T00:07:37.278Z [DEBUG]: Refresh token process complete
2024-12-21T00:07:58.118Z [ERROR]: Error: No contacts found for the location: location
Meta: {
  "url": "/api/contacts/contacts-by-location?location=maman",
  "method": "GET",
  "statusCode": 500
}
Stack trace:
Internal Error: No contacts found for the location: location
    at ContactService.selectByLocation (\services\contactService.ts:101:11)
    at processTicksAndRejections (node:internal/process/task_queues:95:5)
    at async ContactController.selectByLocation (\controllers\contactController.ts:75:35)
2024-12-21T00:07:58.121Z [DEBUG]: Port contacts is complete.
2024-12-21T00:08:42.713Z [ERROR]: Error: No contacts found for the location: service
Meta: {
  "url": "/api/contacts/contacts-by-location?service=agent&page=2&limit=3",
  "method": "GET",
  "statusCode": 500
}
Stack trace:
Internal Error: No contacts found for the location: service
    at ContactService.selectByLocation (\services\contactService.ts:101:11)
    at processTicksAndRejections (node:internal/process/task_queues:95:5)
    at async ContactController.selectByLocation (\controllers\contactController.ts:75:35)
2024-12-21T00:08:42.714Z [DEBUG]: Port contacts is complete.
2024-12-21T00:09:04.696Z [ERROR]: Error: No contacts found for the location: location
Meta: {
  "url": "/api/contacts/contacts-by-location?page=2&limit=3&location=maman",
  "method": "GET",
  "statusCode": 500
}
Stack trace:
Internal Error: No contacts found for the location: location
    at ContactService.selectByLocation (\services\contactService.ts:101:11)
    at processTicksAndRejections (node:internal/process/task_queues:95:5)
    at async ContactController.selectByLocation (\controllers\contactController.ts:75:35)
2024-12-21T00:09:04.697Z [DEBUG]: Port contacts is complete.
2024-12-21T00:09:31.912Z [INFO]: Middlewares configured successfully.
2024-12-21T00:09:31.956Z [INFO]: Server is running on http://localhost:8080
2024-12-21T00:09:32.005Z [INFO]: Connected To MongoDB Locally.
2024-12-21T00:09:33.177Z [DEBUG]: Port contacts is complete.
2024-12-21T00:11:09.761Z [INFO]: Middlewares configured successfully.
2024-12-21T00:11:09.807Z [INFO]: Server is running on http://localhost:8080
2024-12-21T00:11:09.878Z [INFO]: Connected To MongoDB Locally.
2024-12-21T00:11:26.085Z [INFO]: Middlewares configured successfully.
2024-12-21T00:11:26.135Z [INFO]: Server is running on http://localhost:8080
2024-12-21T00:11:26.182Z [INFO]: Connected To MongoDB Locally.
2024-12-21T00:11:27.871Z [ERROR]: Error: No contacts found for the location: location
Meta: {
  "url": "/api/contacts/contacts-by-location?page=2&limit=3&location=maman",
  "method": "GET",
  "statusCode": 500
}
Stack trace:
Internal Error: No contacts found for the location: location
    at ContactService.selectByLocation (\services\contactService.ts:101:11)
    at processTicksAndRejections (node:internal/process/task_queues:95:5)
    at async ContactController.selectByLocation (\controllers\contactController.ts:74:35)
2024-12-21T00:11:27.878Z [DEBUG]: Port contacts is complete.
2024-12-21T00:12:07.926Z [INFO]: Middlewares configured successfully.
2024-12-21T00:12:07.968Z [INFO]: Server is running on http://localhost:8080
2024-12-21T00:12:08.015Z [INFO]: Connected To MongoDB Locally.
2024-12-21T00:12:09.912Z [ERROR]: Error: No contacts found for the location: location
Meta: {
  "url": "/api/contacts/contacts-by-location?page=2&limit=3&location=maman",
  "method": "GET",
  "statusCode": 500
}
Stack trace:
Internal Error: No contacts found for the location: location
    at ContactService.selectByLocation (\services\contactService.ts:101:11)
    at processTicksAndRejections (node:internal/process/task_queues:95:5)
    at async ContactController.selectByLocation (\controllers\contactController.ts:75:35)
2024-12-21T00:12:09.917Z [DEBUG]: Port contacts is complete.
2024-12-21T00:12:53.308Z [INFO]: Middlewares configured successfully.
2024-12-21T00:12:53.391Z [INFO]: Server is running on http://localhost:8080
2024-12-21T00:12:53.458Z [INFO]: Connected To MongoDB Locally.
2024-12-21T00:13:12.884Z [INFO]: Middlewares configured successfully.
2024-12-21T00:13:12.928Z [INFO]: Server is running on http://localhost:8080
2024-12-21T00:13:12.974Z [INFO]: Connected To MongoDB Locally.
2024-12-21T00:13:14.442Z [ERROR]: Error: No contacts found for the location: location
Meta: {
  "url": "/api/contacts/contacts-by-location?page=2&limit=3&location=maman",
  "method": "GET",
  "statusCode": 500
}
Stack trace:
Internal Error: No contacts found for the location: location
    at ContactService.selectByLocation (\services\contactService.ts:103:11)
    at processTicksAndRejections (node:internal/process/task_queues:95:5)
    at async ContactController.selectByLocation (\controllers\contactController.ts:75:35)
2024-12-21T00:13:14.448Z [DEBUG]: Port contacts is complete.
2024-12-21T00:14:05.751Z [INFO]: Middlewares configured successfully.
2024-12-21T00:14:05.842Z [INFO]: Server is running on http://localhost:8080
2024-12-21T00:14:05.938Z [INFO]: Connected To MongoDB Locally.
2024-12-21T00:14:19.348Z [INFO]: Middlewares configured successfully.
2024-12-21T00:14:19.401Z [INFO]: Server is running on http://localhost:8080
2024-12-21T00:14:19.468Z [INFO]: Connected To MongoDB Locally.
2024-12-21T00:14:21.035Z [ERROR]: Error: An unknown error occurred
Meta: {
  "url": "/api/contacts/contacts-by-location?page=2&limit=3&location=maman",
  "method": "GET",
  "statusCode": 500
}
Stack trace:
ReferenceError: location is not defined
    at ContactService.selectByLocation (\services\contactService.ts:121:64)
    at processTicksAndRejections (node:internal/process/task_queues:95:5)
    at async ContactController.selectByLocation (\controllers\contactController.ts:75:35)
2024-12-21T00:14:21.044Z [DEBUG]: Port contacts is complete.
2024-12-21T00:14:26.663Z [ERROR]: Error: An unknown error occurred
Meta: {
  "url": "/api/contacts/contacts-by-location?page=2&limit=3&location=maman",
  "method": "GET",
  "statusCode": 500
}
Stack trace:
ReferenceError: location is not defined
    at ContactService.selectByLocation (\services\contactService.ts:121:64)
    at processTicksAndRejections (node:internal/process/task_queues:95:5)
    at async ContactController.selectByLocation (\controllers\contactController.ts:75:35)
2024-12-21T00:14:26.664Z [DEBUG]: Port contacts is complete.
2024-12-21T00:14:51.760Z [INFO]: Middlewares configured successfully.
2024-12-21T00:14:51.812Z [INFO]: Server is running on http://localhost:8080
2024-12-21T00:14:51.862Z [INFO]: Connected To MongoDB Locally.
2024-12-21T00:14:52.994Z [ERROR]: Error: No contacts found for the location: location
Meta: {
  "url": "/api/contacts/contacts-by-location?page=2&limit=3&location=maman",
  "method": "GET",
  "statusCode": 500
}
Stack trace:
Internal Error: No contacts found for the location: location
    at ContactService.selectByLocation (\services\contactService.ts:103:11)
    at processTicksAndRejections (node:internal/process/task_queues:95:5)
    at async ContactController.selectByLocation (\controllers\contactController.ts:74:35)
2024-12-21T00:14:53.000Z [DEBUG]: Port contacts is complete.
2024-12-21T00:16:09.262Z [INFO]: Middlewares configured successfully.
2024-12-21T00:16:09.316Z [INFO]: Server is running on http://localhost:8080
2024-12-21T00:16:09.422Z [INFO]: Connected To MongoDB Locally.
2024-12-21T00:16:20.156Z [INFO]: Middlewares configured successfully.
2024-12-21T00:16:20.202Z [INFO]: Server is running on http://localhost:8080
2024-12-21T00:16:20.248Z [INFO]: Connected To MongoDB Locally.
2024-12-21T00:16:33.958Z [INFO]: Middlewares configured successfully.
2024-12-21T00:16:34.001Z [INFO]: Server is running on http://localhost:8080
2024-12-21T00:16:34.047Z [INFO]: Connected To MongoDB Locally.
2024-12-21T00:16:35.686Z [DEBUG]: Port contacts is complete.
2024-12-21T00:25:38.960Z [INFO]: Middlewares configured successfully.
2024-12-21T00:25:39.008Z [INFO]: Server is running on http://localhost:8080
2024-12-21T00:25:39.057Z [INFO]: Connected To MongoDB Locally.
2024-12-21T00:25:40.343Z [DEBUG]: Refresh token process complete
2024-12-21T00:25:45.664Z [DEBUG]: Refresh token process complete
2024-12-21T00:26:05.385Z [ERROR]: Error: An unknown error occurred
Meta: {
  "url": "/api/contacts/contacts-by-location?page=2&limit=3&location=maman",
  "method": "GET",
  "statusCode": 500
}
Stack trace:
ReferenceError: location is not defined
    at ContactService.selectByLocation (\services\contactService.ts:103:56)
    at ContactController.selectByLocation (\controllers\contactController.ts:81:54)
    at userAuth (\middlewares\userAuth.ts:36:3)
2024-12-21T00:26:05.388Z [DEBUG]: Port contacts is complete.
2024-12-21T00:26:49.809Z [INFO]: Middlewares configured successfully.
2024-12-21T00:26:49.865Z [INFO]: Server is running on http://localhost:8080
2024-12-21T00:26:49.920Z [INFO]: Connected To MongoDB Locally.
2024-12-21T00:26:51.305Z [ERROR]: Error: An unknown error occurred
Meta: {
  "url": "/api/contacts/contacts-by-location?page=2&limit=3&location=maman",
  "method": "GET",
  "statusCode": 500
}
Stack trace:
ReferenceError: location is not defined
    at ContactService.selectByLocation (\services\contactService.ts:103:56)
    at ContactController.selectByLocation (\controllers\contactController.ts:81:54)
    at userAuth (\middlewares\userAuth.ts:36:3)
2024-12-21T00:26:51.317Z [DEBUG]: Port contacts is complete.
2024-12-21T00:27:35.011Z [INFO]: Middlewares configured successfully.
2024-12-21T00:27:35.070Z [INFO]: Server is running on http://localhost:8080
2024-12-21T00:27:35.119Z [INFO]: Connected To MongoDB Locally.
2024-12-21T00:27:37.027Z [DEBUG]: Port contacts is complete.
2024-12-21T00:27:40.368Z [INFO]: Received SIGINT (Ctrl+C). Initiating graceful shutdown...
