2025-01-29T23:05:46.116Z [ERROR]: Error processing Excel file: Operation `contacts.find()` buffering timed out after 10000ms
Stack trace:
MongooseError: Operation `contacts.find()` buffering timed out after 10000ms
    at listOnTimeout (node:internal/timers:581:17)
    at processTimers (node:internal/timers:519:7)
2025-01-29T23:06:06.022Z [ERROR]: Error starting the server: getaddrinfo ENOTFOUND mongo
Meta: {
  "reason": {
    "type": "Unknown",
    "servers": {
      "mongo:27017": {
        "address": "mongo:27017",
        "type": "Unknown",
        "hosts": [],
        "passives": [],
        "arbiters": [],
        "tags": {},
        "minWireVersion": 0,
        "maxWireVersion": 0,
        "roundTripTime": -1,
        "minRoundTripTime": 0,
        "lastUpdateTime": 961056381,
        "lastWriteDate": 0,
        "error": {},
        "topologyVersion": null,
        "setName": null,
        "setVersion": null,
        "electionId": null,
        "logicalSessionTimeoutMinutes": null,
        "maxMessageSizeBytes": null,
        "maxWriteBatchSize": null,
        "maxBsonObjectSize": null,
        "primary": null,
        "me": null,
        "$clusterTime": null,
        "iscryptd": false
      }
    },
    "stale": false,
    "compatible": true,
    "heartbeatFrequencyMS": 10000,
    "localThresholdMS": 15,
    "setName": null,
    "maxElectionId": null,
    "maxSetVersion": null,
    "commonWireVersion": 0,
    "logicalSessionTimeoutMinutes": null
  }
}
Stack trace:
MongooseServerSelectionError: getaddrinfo ENOTFOUND mongo
    at async connectDb (\db\connectDb.ts:16:3)
    at async Promise.all (index 0)
    at async startServer (\index.ts:21:3)
2025-01-29T23:58:35.337Z [ERROR]: Error processing Excel file: Operation `contacts.find()` buffering timed out after 10000ms
Stack trace:
MongooseError: Operation `contacts.find()` buffering timed out after 10000ms
    at listOnTimeout (node:internal/timers:581:17)
    at processTimers (node:internal/timers:519:7)
2025-01-29T23:58:55.226Z [ERROR]: Error starting the server: getaddrinfo ENOTFOUND mongo
Meta: {
  "reason": {
    "type": "Unknown",
    "servers": {
      "mongo:27017": {
        "address": "mongo:27017",
        "type": "Unknown",
        "hosts": [],
        "passives": [],
        "arbiters": [],
        "tags": {},
        "minWireVersion": 0,
        "maxWireVersion": 0,
        "roundTripTime": -1,
        "minRoundTripTime": 0,
        "lastUpdateTime": 166925,
        "lastWriteDate": 0,
        "error": {},
        "topologyVersion": null,
        "setName": null,
        "setVersion": null,
        "electionId": null,
        "logicalSessionTimeoutMinutes": null,
        "maxMessageSizeBytes": null,
        "maxWriteBatchSize": null,
        "maxBsonObjectSize": null,
        "primary": null,
        "me": null,
        "$clusterTime": null,
        "iscryptd": false
      }
    },
    "stale": false,
    "compatible": true,
    "heartbeatFrequencyMS": 10000,
    "localThresholdMS": 15,
    "setName": null,
    "maxElectionId": null,
    "maxSetVersion": null,
    "commonWireVersion": 0,
    "logicalSessionTimeoutMinutes": null
  }
}
Stack trace:
MongooseServerSelectionError: getaddrinfo ENOTFOUND mongo
    at async connectDb (\db\connectDb.ts:16:3)
    at async Promise.all (index 0)
    at async startServer (\index.ts:21:3)
2025-01-30T00:53:57.327Z [ERROR]: Error processing Excel file: Operation `contacts.find()` buffering timed out after 10000ms
Stack trace:
MongooseError: Operation `contacts.find()` buffering timed out after 10000ms
    at listOnTimeout (node:internal/timers:581:17)
    at processTimers (node:internal/timers:519:7)
2025-01-30T00:54:17.296Z [ERROR]: Error starting the server: getaddrinfo ENOTFOUND mongo
Meta: {
  "reason": {
    "type": "Unknown",
    "servers": {
      "mongo:27017": {
        "address": "mongo:27017",
        "type": "Unknown",
        "hosts": [],
        "passives": [],
        "arbiters": [],
        "tags": {},
        "minWireVersion": 0,
        "maxWireVersion": 0,
        "roundTripTime": -1,
        "minRoundTripTime": 0,
        "lastUpdateTime": 3480198,
        "lastWriteDate": 0,
        "error": {},
        "topologyVersion": null,
        "setName": null,
        "setVersion": null,
        "electionId": null,
        "logicalSessionTimeoutMinutes": null,
        "maxMessageSizeBytes": null,
        "maxWriteBatchSize": null,
        "maxBsonObjectSize": null,
        "primary": null,
        "me": null,
        "$clusterTime": null,
        "iscryptd": false
      }
    },
    "stale": false,
    "compatible": true,
    "heartbeatFrequencyMS": 10000,
    "localThresholdMS": 15,
    "setName": null,
    "maxElectionId": null,
    "maxSetVersion": null,
    "commonWireVersion": 0,
    "logicalSessionTimeoutMinutes": null
  }
}
Stack trace:
MongooseServerSelectionError: getaddrinfo ENOTFOUND mongo
    at async connectDb (\db\connectDb.ts:16:3)
    at async Promise.all (index 0)
    at async startServer (\index.ts:21:3)
